#
# There is insufficient memory for the Java Runtime Environment to continue.
# Native memory allocation (malloc) failed to allocate 1417296 bytes for Chunk::new
# Possible reasons:
#   The system is out of physical RAM or swap space
#   The process is running with CompressedOops enabled, and the Java Heap may be blocking the growth of the native heap
# Possible solutions:
#   Reduce memory load on the system
#   Increase physical memory or swap space
#   Check if swap backing store is full
#   Decrease Java heap size (-Xmx/-Xms)
#   Decrease number of Java threads
#   Decrease Java thread stack sizes (-Xss)
#   Set larger code cache with -XX:ReservedCodeCacheSize=
#   JVM is running with Unscaled Compressed Oops mode in which the Java heap is
#     placed in the first 4GB address space. The Java Heap base address is the
#     maximum limit for the native heap growth. Please use -XX:HeapBaseMinAddress
#     to set the Java Heap base and to place the Java Heap above 4GB virtual address.
# This output file may be truncated or incomplete.
#
#  Out of Memory Error (t:/workspace/open/src/hotspot/share/memory/arena.cpp:197), pid=24068, tid=23988
#
# JRE version: Java(TM) SE Runtime Environment (12.0.2+10) (build 12.0.2+10)
# Java VM: Java HotSpot(TM) 64-Bit Server VM (12.0.2+10, mixed mode, sharing, tiered, compressed oops, g1 gc, windows-amd64)
# No core dump will be written. Minidumps are not enabled by default on client versions of Windows
#

---------------  S U M M A R Y ------------

Command Line: --module-path=D:\javaFX\javafx-sdk-13.0.1\lib --add-modules=javafx.controls,javafx.fxml -Dfile.encoding=Cp1252 Game.Main

Host: Intel(R) Core(TM) i5-7300HQ CPU @ 2.50GHz, 4 cores, 7G,  Windows 10 , 64 bit Build 18362 (10.0.18362.329)
Time: Sun Jan  5 19:28:03 2020 Paris, Madrid elapsed time: 0 seconds (0d 0h 0m 0s)

---------------  T H R E A D  ---------------

Current thread (0x000002d759ed0000):  JavaThread "C2 CompilerThread1" daemon [_thread_in_native, id=23988, stack(0x000000f967000000,0x000000f967100000)]


Current CompileTask:
C2:    721 1113       4       jdk.internal.org.objectweb.asm.Frame::execute (2305 bytes)

Stack: [0x000000f967000000,0x000000f967100000]
Native frames: (J=compiled Java code, j=interpreted, Vv=VM code, C=native code)
V  [jvm.dll+0x63aa2a]
V  [jvm.dll+0x78ce1e]
V  [jvm.dll+0x78e4c1]
V  [jvm.dll+0x78eb13]
V  [jvm.dll+0x2627e8]
V  [jvm.dll+0xc55cc]
V  [jvm.dll+0xc5b4c]
V  [jvm.dll+0x37a632]
V  [jvm.dll+0x3463d3]
V  [jvm.dll+0x34579a]
V  [jvm.dll+0x21c205]
V  [jvm.dll+0x21b3da]
V  [jvm.dll+0x199a20]
V  [jvm.dll+0x22a744]
V  [jvm.dll+0x228d98]
V  [jvm.dll+0x7512a0]
V  [jvm.dll+0x74a2c8]
V  [jvm.dll+0x639b16]
C  [ucrtbase.dll+0x20e72]
C  [KERNEL32.DLL+0x17bd4]
C  [ntdll.dll+0x6ced1]


---------------  P R O C E S S  ---------------

Threads class SMR info:
_java_thread_list=0x000002d75ade2f20, length=19, elements={
0x000002d73afa7000, 0x000002d7593b0000, 0x000002d7593b1800, 0x000002d7593cf800,
0x000002d7593d1800, 0x000002d7593d2800, 0x000002d759d58800, 0x000002d759d85000,
0x000002d759396000, 0x000002d759ed0000, 0x000002d75a2a8800, 0x000002d75a99c800,
0x000002d75a7d5000, 0x000002d75a458000, 0x000002d75b5be800, 0x000002d75b2b4000,
0x000002d75a6ee000, 0x000002d7628d0800, 0x000002d75aa99800
}

Java Threads: ( => current thread )
  0x000002d73afa7000 JavaThread "main" [_thread_blocked, id=1232, stack(0x000000f966100000,0x000000f966200000)]
  0x000002d7593b0000 JavaThread "Reference Handler" daemon [_thread_blocked, id=11440, stack(0x000000f966800000,0x000000f966900000)]
  0x000002d7593b1800 JavaThread "Finalizer" daemon [_thread_blocked, id=10768, stack(0x000000f966900000,0x000000f966a00000)]
  0x000002d7593cf800 JavaThread "Signal Dispatcher" daemon [_thread_blocked, id=24056, stack(0x000000f966a00000,0x000000f966b00000)]
  0x000002d7593d1800 JavaThread "Attach Listener" daemon [_thread_blocked, id=10528, stack(0x000000f966b00000,0x000000f966c00000)]
  0x000002d7593d2800 JavaThread "C2 CompilerThread0" daemon [_thread_in_native, id=23192, stack(0x000000f966c00000,0x000000f966d00000)]
  0x000002d759d58800 JavaThread "C1 CompilerThread0" daemon [_thread_in_native, id=7940, stack(0x000000f966d00000,0x000000f966e00000)]
  0x000002d759d85000 JavaThread "Sweeper thread" daemon [_thread_blocked, id=12848, stack(0x000000f966e00000,0x000000f966f00000)]
  0x000002d759396000 JavaThread "Common-Cleaner" daemon [_thread_blocked, id=23000, stack(0x000000f966f00000,0x000000f967000000)]
=>0x000002d759ed0000 JavaThread "C2 CompilerThread1" daemon [_thread_in_native, id=23988, stack(0x000000f967000000,0x000000f967100000)]
  0x000002d75a2a8800 JavaThread "Service Thread" daemon [_thread_blocked, id=24176, stack(0x000000f967100000,0x000000f967200000)]
  0x000002d75a99c800 JavaThread "QuantumRenderer-0" daemon [_thread_blocked, id=22708, stack(0x000000f967300000,0x000000f967400000)]
  0x000002d75a7d5000 JavaThread "InvokeLaterDispatcher" daemon [_thread_blocked, id=24548, stack(0x000000f967500000,0x000000f967600000)]
  0x000002d75a458000 JavaThread "JavaFX Application Thread" [_thread_in_native, id=21560, stack(0x000000f967400000,0x000000f967500000)]
  0x000002d75b5be800 JavaThread "Thread-1" daemon [_thread_in_native, id=21520, stack(0x000000f967c00000,0x000000f967d00000)]
  0x000002d75b2b4000 JavaThread "JavaFX-Launcher" [_thread_blocked, id=12668, stack(0x000000f967d00000,0x000000f967e00000)]
  0x000002d75a6ee000 JavaThread "Java2D Disposer" daemon [_thread_blocked, id=4044, stack(0x000000f967e00000,0x000000f967f00000)]
  0x000002d7628d0800 JavaThread "AWT-Shutdown" [_thread_blocked, id=22196, stack(0x000000f967f00000,0x000000f968000000)]
  0x000002d75aa99800 JavaThread "AWT-Windows" daemon [_thread_in_native, id=24020, stack(0x000000f968000000,0x000000f968100000)]

Other Threads:
  0x000002d7593ac000 VMThread "VM Thread" [stack: 0x000000f966700000,0x000000f966800000] [id=20028]
  0x000002d75a542000 WatcherThread [stack: 0x000000f967200000,0x000000f967300000] [id=10688]
  0x000002d73afe6800 GCTaskThread "GC Thread#0" [stack: 0x000000f966200000,0x000000f966300000] [id=24368]
  0x000002d75a454800 GCTaskThread "GC Thread#1" [stack: 0x000000f967900000,0x000000f967a00000] [id=21156]
  0x000002d75a453000 GCTaskThread "GC Thread#2" [stack: 0x000000f967a00000,0x000000f967b00000] [id=13044]
  0x000002d75a450800 GCTaskThread "GC Thread#3" [stack: 0x000000f967b00000,0x000000f967c00000] [id=13352]
  0x000002d73aff4800 ConcurrentGCThread "G1 Main Marker" [stack: 0x000000f966300000,0x000000f966400000] [id=18268]
  0x000002d73aff8000 ConcurrentGCThread "G1 Conc#0" [stack: 0x000000f966400000,0x000000f966500000] [id=12824]
  0x000002d759230800 ConcurrentGCThread "G1 Refine#0" [stack: 0x000000f966500000,0x000000f966600000] [id=11608]
  0x000002d73b07a000 ConcurrentGCThread "G1 Young RemSet Sampling" [stack: 0x000000f966600000,0x000000f966700000] [id=17112]

Threads with active compile tasks:
C2 CompilerThread0  1056   !   4       com.sun.javafx.css.ParsedValueImpl::readBinary (688 bytes)
C2 CompilerThread1  1113       4       jdk.internal.org.objectweb.asm.Frame::execute (2305 bytes)

VM state:not at safepoint (normal execution)

VM Mutex/Monitor currently owned by a thread: None

Heap address: 0x0000000081a00000, size: 2022 MB, Compressed Oops mode: 32-bit
Narrow klass base: 0x0000000800000000, Narrow klass shift: 3
Compressed class space size: 1073741824 Address: 0x0000000801190000

Heap:
 garbage-first heap   total 131072K, used 27402K [0x0000000081a00000, 0x0000000100000000)
  region size 1024K, 28 young (28672K), 2 survivors (2048K)
 Metaspace       used 10880K, capacity 11903K, committed 12032K, reserved 1058816K
  class space    used 1454K, capacity 1672K, committed 1792K, reserved 1048576K
Heap Regions: E=young(eden), S=young(survivor), O=old, HS=humongous(starts), HC=humongous(continues), CS=collection set, F=free, A=archive, TAMS=top-at-mark-start (previous, next)
|   0|0x0000000081a00000, 0x0000000081a00000, 0x0000000081b00000|  0%| F|  |TAMS 0x0000000081a00000, 0x0000000081a00000| Untracked 
|   1|0x0000000081b00000, 0x0000000081b00000, 0x0000000081c00000|  0%| F|  |TAMS 0x0000000081b00000, 0x0000000081b00000| Untracked 
|   2|0x0000000081c00000, 0x0000000081c00000, 0x0000000081d00000|  0%| F|  |TAMS 0x0000000081c00000, 0x0000000081c00000| Untracked 
|   3|0x0000000081d00000, 0x0000000081d00000, 0x0000000081e00000|  0%| F|  |TAMS 0x0000000081d00000, 0x0000000081d00000| Untracked 
|   4|0x0000000081e00000, 0x0000000081e00000, 0x0000000081f00000|  0%| F|  |TAMS 0x0000000081e00000, 0x0000000081e00000| Untracked 
|   5|0x0000000081f00000, 0x0000000081f00000, 0x0000000082000000|  0%| F|  |TAMS 0x0000000081f00000, 0x0000000081f00000| Untracked 
|   6|0x0000000082000000, 0x0000000082000000, 0x0000000082100000|  0%| F|  |TAMS 0x0000000082000000, 0x0000000082000000| Untracked 
|   7|0x0000000082100000, 0x0000000082100000, 0x0000000082200000|  0%| F|  |TAMS 0x0000000082100000, 0x0000000082100000| Untracked 
|   8|0x0000000082200000, 0x0000000082200000, 0x0000000082300000|  0%| F|  |TAMS 0x0000000082200000, 0x0000000082200000| Untracked 
|   9|0x0000000082300000, 0x0000000082300000, 0x0000000082400000|  0%| F|  |TAMS 0x0000000082300000, 0x0000000082300000| Untracked 
|  10|0x0000000082400000, 0x0000000082400000, 0x0000000082500000|  0%| F|  |TAMS 0x0000000082400000, 0x0000000082400000| Untracked 
|  11|0x0000000082500000, 0x0000000082500000, 0x0000000082600000|  0%| F|  |TAMS 0x0000000082500000, 0x0000000082500000| Untracked 
|  12|0x0000000082600000, 0x0000000082600000, 0x0000000082700000|  0%| F|  |TAMS 0x0000000082600000, 0x0000000082600000| Untracked 
|  13|0x0000000082700000, 0x0000000082700000, 0x0000000082800000|  0%| F|  |TAMS 0x0000000082700000, 0x0000000082700000| Untracked 
|  14|0x0000000082800000, 0x0000000082800000, 0x0000000082900000|  0%| F|  |TAMS 0x0000000082800000, 0x0000000082800000| Untracked 
|  15|0x0000000082900000, 0x0000000082900000, 0x0000000082a00000|  0%| F|  |TAMS 0x0000000082900000, 0x0000000082900000| Untracked 
|  16|0x0000000082a00000, 0x0000000082a00000, 0x0000000082b00000|  0%| F|  |TAMS 0x0000000082a00000, 0x0000000082a00000| Untracked 
|  17|0x0000000082b00000, 0x0000000082b00000, 0x0000000082c00000|  0%| F|  |TAMS 0x0000000082b00000, 0x0000000082b00000| Untracked 
|  18|0x0000000082c00000, 0x0000000082c00000, 0x0000000082d00000|  0%| F|  |TAMS 0x0000000082c00000, 0x0000000082c00000| Untracked 
|  19|0x0000000082d00000, 0x0000000082d00000, 0x0000000082e00000|  0%| F|  |TAMS 0x0000000082d00000, 0x0000000082d00000| Untracked 
|  20|0x0000000082e00000, 0x0000000082e00000, 0x0000000082f00000|  0%| F|  |TAMS 0x0000000082e00000, 0x0000000082e00000| Untracked 
|  21|0x0000000082f00000, 0x0000000082f00000, 0x0000000083000000|  0%| F|  |TAMS 0x0000000082f00000, 0x0000000082f00000| Untracked 
|  22|0x0000000083000000, 0x0000000083000000, 0x0000000083100000|  0%| F|  |TAMS 0x0000000083000000, 0x0000000083000000| Untracked 
|  23|0x0000000083100000, 0x0000000083100000, 0x0000000083200000|  0%| F|  |TAMS 0x0000000083100000, 0x0000000083100000| Untracked 
|  24|0x0000000083200000, 0x0000000083200000, 0x0000000083300000|  0%| F|  |TAMS 0x0000000083200000, 0x0000000083200000| Untracked 
|  25|0x0000000083300000, 0x0000000083300000, 0x0000000083400000|  0%| F|  |TAMS 0x0000000083300000, 0x0000000083300000| Untracked 
|  26|0x0000000083400000, 0x0000000083400000, 0x0000000083500000|  0%| F|  |TAMS 0x0000000083400000, 0x0000000083400000| Untracked 
|  27|0x0000000083500000, 0x0000000083500000, 0x0000000083600000|  0%| F|  |TAMS 0x0000000083500000, 0x0000000083500000| Untracked 
|  28|0x0000000083600000, 0x0000000083600000, 0x0000000083700000|  0%| F|  |TAMS 0x0000000083600000, 0x0000000083600000| Untracked 
|  29|0x0000000083700000, 0x0000000083700000, 0x0000000083800000|  0%| F|  |TAMS 0x0000000083700000, 0x0000000083700000| Untracked 
|  30|0x0000000083800000, 0x0000000083800000, 0x0000000083900000|  0%| F|  |TAMS 0x0000000083800000, 0x0000000083800000| Untracked 
|  31|0x0000000083900000, 0x0000000083900000, 0x0000000083a00000|  0%| F|  |TAMS 0x0000000083900000, 0x0000000083900000| Untracked 
|  32|0x0000000083a00000, 0x0000000083a00000, 0x0000000083b00000|  0%| F|  |TAMS 0x0000000083a00000, 0x0000000083a00000| Untracked 
|  33|0x0000000083b00000, 0x0000000083b00000, 0x0000000083c00000|  0%| F|  |TAMS 0x0000000083b00000, 0x0000000083b00000| Untracked 
|  34|0x0000000083c00000, 0x0000000083c00000, 0x0000000083d00000|  0%| F|  |TAMS 0x0000000083c00000, 0x0000000083c00000| Untracked 
|  35|0x0000000083d00000, 0x0000000083d00000, 0x0000000083e00000|  0%| F|  |TAMS 0x0000000083d00000, 0x0000000083d00000| Untracked 
|  36|0x0000000083e00000, 0x0000000083e00000, 0x0000000083f00000|  0%| F|  |TAMS 0x0000000083e00000, 0x0000000083e00000| Untracked 
|  37|0x0000000083f00000, 0x0000000083f00000, 0x0000000084000000|  0%| F|  |TAMS 0x0000000083f00000, 0x0000000083f00000| Untracked 
|  38|0x0000000084000000, 0x0000000084000000, 0x0000000084100000|  0%| F|  |TAMS 0x0000000084000000, 0x0000000084000000| Untracked 
|  39|0x0000000084100000, 0x0000000084100000, 0x0000000084200000|  0%| F|  |TAMS 0x0000000084100000, 0x0000000084100000| Untracked 
|  40|0x0000000084200000, 0x0000000084200000, 0x0000000084300000|  0%| F|  |TAMS 0x0000000084200000, 0x0000000084200000| Untracked 
|  41|0x0000000084300000, 0x0000000084300000, 0x0000000084400000|  0%| F|  |TAMS 0x0000000084300000, 0x0000000084300000| Untracked 
|  42|0x0000000084400000, 0x0000000084400000, 0x0000000084500000|  0%| F|  |TAMS 0x0000000084400000, 0x0000000084400000| Untracked 
|  43|0x0000000084500000, 0x0000000084500000, 0x0000000084600000|  0%| F|  |TAMS 0x0000000084500000, 0x0000000084500000| Untracked 
|  44|0x0000000084600000, 0x0000000084600000, 0x0000000084700000|  0%| F|  |TAMS 0x0000000084600000, 0x0000000084600000| Untracked 
|  45|0x0000000084700000, 0x0000000084700000, 0x0000000084800000|  0%| F|  |TAMS 0x0000000084700000, 0x0000000084700000| Untracked 
|  46|0x0000000084800000, 0x0000000084800000, 0x0000000084900000|  0%| F|  |TAMS 0x0000000084800000, 0x0000000084800000| Untracked 
|  47|0x0000000084900000, 0x0000000084900000, 0x0000000084a00000|  0%| F|  |TAMS 0x0000000084900000, 0x0000000084900000| Untracked 
|  48|0x0000000084a00000, 0x0000000084a00000, 0x0000000084b00000|  0%| F|  |TAMS 0x0000000084a00000, 0x0000000084a00000| Untracked 
|  49|0x0000000084b00000, 0x0000000084b00000, 0x0000000084c00000|  0%| F|  |TAMS 0x0000000084b00000, 0x0000000084b00000| Untracked 
|  50|0x0000000084c00000, 0x0000000084c00000, 0x0000000084d00000|  0%| F|  |TAMS 0x0000000084c00000, 0x0000000084c00000| Untracked 
|  51|0x0000000084d00000, 0x0000000084d00000, 0x0000000084e00000|  0%| F|  |TAMS 0x0000000084d00000, 0x0000000084d00000| Untracked 
|  52|0x0000000084e00000, 0x0000000084e00000, 0x0000000084f00000|  0%| F|  |TAMS 0x0000000084e00000, 0x0000000084e00000| Untracked 
|  53|0x0000000084f00000, 0x0000000084f00000, 0x0000000085000000|  0%| F|  |TAMS 0x0000000084f00000, 0x0000000084f00000| Untracked 
|  54|0x0000000085000000, 0x0000000085000000, 0x0000000085100000|  0%| F|  |TAMS 0x0000000085000000, 0x0000000085000000| Untracked 
|  55|0x0000000085100000, 0x0000000085100000, 0x0000000085200000|  0%| F|  |TAMS 0x0000000085100000, 0x0000000085100000| Untracked 
|  56|0x0000000085200000, 0x0000000085200000, 0x0000000085300000|  0%| F|  |TAMS 0x0000000085200000, 0x0000000085200000| Untracked 
|  57|0x0000000085300000, 0x0000000085300000, 0x0000000085400000|  0%| F|  |TAMS 0x0000000085300000, 0x0000000085300000| Untracked 
|  58|0x0000000085400000, 0x0000000085400000, 0x0000000085500000|  0%| F|  |TAMS 0x0000000085400000, 0x0000000085400000| Untracked 
|  59|0x0000000085500000, 0x0000000085500000, 0x0000000085600000|  0%| F|  |TAMS 0x0000000085500000, 0x0000000085500000| Untracked 
|  60|0x0000000085600000, 0x0000000085600000, 0x0000000085700000|  0%| F|  |TAMS 0x0000000085600000, 0x0000000085600000| Untracked 
|  61|0x0000000085700000, 0x0000000085700000, 0x0000000085800000|  0%| F|  |TAMS 0x0000000085700000, 0x0000000085700000| Untracked 
|  62|0x0000000085800000, 0x0000000085800000, 0x0000000085900000|  0%| F|  |TAMS 0x0000000085800000, 0x0000000085800000| Untracked 
|  63|0x0000000085900000, 0x0000000085900000, 0x0000000085a00000|  0%| F|  |TAMS 0x0000000085900000, 0x0000000085900000| Untracked 
|  64|0x0000000085a00000, 0x0000000085a00000, 0x0000000085b00000|  0%| F|  |TAMS 0x0000000085a00000, 0x0000000085a00000| Untracked 
|  65|0x0000000085b00000, 0x0000000085b00000, 0x0000000085c00000|  0%| F|  |TAMS 0x0000000085b00000, 0x0000000085b00000| Untracked 
|  66|0x0000000085c00000, 0x0000000085c00000, 0x0000000085d00000|  0%| F|  |TAMS 0x0000000085c00000, 0x0000000085c00000| Untracked 
|  67|0x0000000085d00000, 0x0000000085d00000, 0x0000000085e00000|  0%| F|  |TAMS 0x0000000085d00000, 0x0000000085d00000| Untracked 
|  68|0x0000000085e00000, 0x0000000085e00000, 0x0000000085f00000|  0%| F|  |TAMS 0x0000000085e00000, 0x0000000085e00000| Untracked 
|  69|0x0000000085f00000, 0x0000000085f00000, 0x0000000086000000|  0%| F|  |TAMS 0x0000000085f00000, 0x0000000085f00000| Untracked 
|  70|0x0000000086000000, 0x0000000086000000, 0x0000000086100000|  0%| F|  |TAMS 0x0000000086000000, 0x0000000086000000| Untracked 
|  71|0x0000000086100000, 0x0000000086100000, 0x0000000086200000|  0%| F|  |TAMS 0x0000000086100000, 0x0000000086100000| Untracked 
|  72|0x0000000086200000, 0x0000000086200000, 0x0000000086300000|  0%| F|  |TAMS 0x0000000086200000, 0x0000000086200000| Untracked 
|  73|0x0000000086300000, 0x0000000086300000, 0x0000000086400000|  0%| F|  |TAMS 0x0000000086300000, 0x0000000086300000| Untracked 
|  74|0x0000000086400000, 0x0000000086400000, 0x0000000086500000|  0%| F|  |TAMS 0x0000000086400000, 0x0000000086400000| Untracked 
|  75|0x0000000086500000, 0x0000000086500000, 0x0000000086600000|  0%| F|  |TAMS 0x0000000086500000, 0x0000000086500000| Untracked 
|  76|0x0000000086600000, 0x0000000086600000, 0x0000000086700000|  0%| F|  |TAMS 0x0000000086600000, 0x0000000086600000| Untracked 
|  77|0x0000000086700000, 0x0000000086700000, 0x0000000086800000|  0%| F|  |TAMS 0x0000000086700000, 0x0000000086700000| Untracked 
|  78|0x0000000086800000, 0x0000000086800000, 0x0000000086900000|  0%| F|  |TAMS 0x0000000086800000, 0x0000000086800000| Untracked 
|  79|0x0000000086900000, 0x0000000086900000, 0x0000000086a00000|  0%| F|  |TAMS 0x0000000086900000, 0x0000000086900000| Untracked 
|  80|0x0000000086a00000, 0x0000000086a00000, 0x0000000086b00000|  0%| F|  |TAMS 0x0000000086a00000, 0x0000000086a00000| Untracked 
|  81|0x0000000086b00000, 0x0000000086b00000, 0x0000000086c00000|  0%| F|  |TAMS 0x0000000086b00000, 0x0000000086b00000| Untracked 
|  82|0x0000000086c00000, 0x0000000086c00000, 0x0000000086d00000|  0%| F|  |TAMS 0x0000000086c00000, 0x0000000086c00000| Untracked 
|  83|0x0000000086d00000, 0x0000000086d00000, 0x0000000086e00000|  0%| F|  |TAMS 0x0000000086d00000, 0x0000000086d00000| Untracked 
|  84|0x0000000086e00000, 0x0000000086e00000, 0x0000000086f00000|  0%| F|  |TAMS 0x0000000086e00000, 0x0000000086e00000| Untracked 
|  85|0x0000000086f00000, 0x0000000086f00000, 0x0000000087000000|  0%| F|  |TAMS 0x0000000086f00000, 0x0000000086f00000| Untracked 
|  86|0x0000000087000000, 0x0000000087000000, 0x0000000087100000|  0%| F|  |TAMS 0x0000000087000000, 0x0000000087000000| Untracked 
|  87|0x0000000087100000, 0x0000000087100000, 0x0000000087200000|  0%| F|  |TAMS 0x0000000087100000, 0x0000000087100000| Untracked 
|  88|0x0000000087200000, 0x0000000087200000, 0x0000000087300000|  0%| F|  |TAMS 0x0000000087200000, 0x0000000087200000| Untracked 
|  89|0x0000000087300000, 0x0000000087300000, 0x0000000087400000|  0%| F|  |TAMS 0x0000000087300000, 0x0000000087300000| Untracked 
|  90|0x0000000087400000, 0x0000000087400000, 0x0000000087500000|  0%| F|  |TAMS 0x0000000087400000, 0x0000000087400000| Untracked 
|  91|0x0000000087500000, 0x0000000087500000, 0x0000000087600000|  0%| F|  |TAMS 0x0000000087500000, 0x0000000087500000| Untracked 
|  92|0x0000000087600000, 0x0000000087600000, 0x0000000087700000|  0%| F|  |TAMS 0x0000000087600000, 0x0000000087600000| Untracked 
|  93|0x0000000087700000, 0x0000000087700000, 0x0000000087800000|  0%| F|  |TAMS 0x0000000087700000, 0x0000000087700000| Untracked 
|  94|0x0000000087800000, 0x0000000087800000, 0x0000000087900000|  0%| F|  |TAMS 0x0000000087800000, 0x0000000087800000| Untracked 
|  95|0x0000000087900000, 0x0000000087900000, 0x0000000087a00000|  0%| F|  |TAMS 0x0000000087900000, 0x0000000087900000| Untracked 
|  96|0x0000000087a00000, 0x0000000087a00000, 0x0000000087b00000|  0%| F|  |TAMS 0x0000000087a00000, 0x0000000087a00000| Untracked 
|  97|0x0000000087b00000, 0x0000000087b00000, 0x0000000087c00000|  0%| F|  |TAMS 0x0000000087b00000, 0x0000000087b00000| Untracked 
|  98|0x0000000087c00000, 0x0000000087c00000, 0x0000000087d00000|  0%| F|  |TAMS 0x0000000087c00000, 0x0000000087c00000| Untracked 
|  99|0x0000000087d00000, 0x0000000087d00000, 0x0000000087e00000|  0%| F|  |TAMS 0x0000000087d00000, 0x0000000087d00000| Untracked 
| 100|0x0000000087e00000, 0x0000000087e82010, 0x0000000087f00000| 50%| E|  |TAMS 0x0000000087e00000, 0x0000000087e00000| Complete 
| 101|0x0000000087f00000, 0x0000000088000000, 0x0000000088000000|100%| E|CS|TAMS 0x0000000087f00000, 0x0000000087f00000| Complete 
| 102|0x0000000088000000, 0x0000000088100000, 0x0000000088100000|100%| E|CS|TAMS 0x0000000088000000, 0x0000000088000000| Complete 
| 103|0x0000000088100000, 0x0000000088200000, 0x0000000088200000|100%| E|CS|TAMS 0x0000000088100000, 0x0000000088100000| Complete 
| 104|0x0000000088200000, 0x0000000088300000, 0x0000000088300000|100%| E|CS|TAMS 0x0000000088200000, 0x0000000088200000| Complete 
| 105|0x0000000088300000, 0x0000000088400000, 0x0000000088400000|100%| E|CS|TAMS 0x0000000088300000, 0x0000000088300000| Complete 
| 106|0x0000000088400000, 0x0000000088500000, 0x0000000088500000|100%| E|CS|TAMS 0x0000000088400000, 0x0000000088400000| Complete 
| 107|0x0000000088500000, 0x0000000088600000, 0x0000000088600000|100%| E|CS|TAMS 0x0000000088500000, 0x0000000088500000| Complete 
| 108|0x0000000088600000, 0x0000000088700000, 0x0000000088700000|100%| E|CS|TAMS 0x0000000088600000, 0x0000000088600000| Complete 
| 109|0x0000000088700000, 0x0000000088800000, 0x0000000088800000|100%| E|CS|TAMS 0x0000000088700000, 0x0000000088700000| Complete 
| 110|0x0000000088800000, 0x0000000088900000, 0x0000000088900000|100%| E|CS|TAMS 0x0000000088800000, 0x0000000088800000| Complete 
| 111|0x0000000088900000, 0x0000000088a00000, 0x0000000088a00000|100%| E|CS|TAMS 0x0000000088900000, 0x0000000088900000| Complete 
| 112|0x0000000088a00000, 0x0000000088ac2838, 0x0000000088b00000| 75%| S|CS|TAMS 0x0000000088a00000, 0x0000000088a00000| Complete 
| 113|0x0000000088b00000, 0x0000000088c00000, 0x0000000088c00000|100%| S|CS|TAMS 0x0000000088b00000, 0x0000000088b00000| Complete 
| 114|0x0000000088c00000, 0x0000000088d00000, 0x0000000088d00000|100%| E|CS|TAMS 0x0000000088c00000, 0x0000000088c00000| Complete 
| 115|0x0000000088d00000, 0x0000000088e00000, 0x0000000088e00000|100%| E|CS|TAMS 0x0000000088d00000, 0x0000000088d00000| Complete 
| 116|0x0000000088e00000, 0x0000000088f00000, 0x0000000088f00000|100%| E|CS|TAMS 0x0000000088e00000, 0x0000000088e00000| Complete 
| 117|0x0000000088f00000, 0x0000000089000000, 0x0000000089000000|100%| E|CS|TAMS 0x0000000088f00000, 0x0000000088f00000| Complete 
| 118|0x0000000089000000, 0x0000000089100000, 0x0000000089100000|100%| E|CS|TAMS 0x0000000089000000, 0x0000000089000000| Complete 
| 119|0x0000000089100000, 0x0000000089200000, 0x0000000089200000|100%| E|CS|TAMS 0x0000000089100000, 0x0000000089100000| Complete 
| 120|0x0000000089200000, 0x0000000089300000, 0x0000000089300000|100%| E|CS|TAMS 0x0000000089200000, 0x0000000089200000| Complete 
| 121|0x0000000089300000, 0x0000000089400000, 0x0000000089400000|100%| E|CS|TAMS 0x0000000089300000, 0x0000000089300000| Complete 
| 122|0x0000000089400000, 0x0000000089500000, 0x0000000089500000|100%| E|CS|TAMS 0x0000000089400000, 0x0000000089400000| Complete 
| 123|0x0000000089500000, 0x0000000089600000, 0x0000000089600000|100%| E|CS|TAMS 0x0000000089500000, 0x0000000089500000| Complete 
| 124|0x0000000089600000, 0x0000000089700000, 0x0000000089700000|100%| E|CS|TAMS 0x0000000089600000, 0x0000000089600000| Complete 
| 125|0x0000000089700000, 0x0000000089800000, 0x0000000089800000|100%| E|CS|TAMS 0x0000000089700000, 0x0000000089700000| Complete 
| 126|0x0000000089800000, 0x0000000089900000, 0x0000000089900000|100%| E|CS|TAMS 0x0000000089800000, 0x0000000089800000| Complete 
| 127|0x0000000089900000, 0x0000000089a00000, 0x0000000089a00000|100%| E|CS|TAMS 0x0000000089900000, 0x0000000089900000| Complete 

Card table byte_map: [0x000002d7527b0000,0x000002d752bb0000] _byte_map_base: 0x000002d7523a3000

Marking Bits (Prev, Next): (CMBitMap*) 0x000002d73afe7ae8, (CMBitMap*) 0x000002d73afe7b28
 Prev Bits: [0x000002d752fb0000, 0x000002d754f48000)
 Next Bits: [0x000002d754f50000, 0x000002d756ee8000)

Polling page: 0x000002d738e60000

Metaspace:

Usage:
  Non-class:      9.99 MB capacity,     9.21 MB ( 92%) used,   761.70 KB (  7%) free+waste,    40.75 KB ( <1%) overhead. 
      Class:      1.63 MB capacity,     1.42 MB ( 87%) used,   194.60 KB ( 12%) free+waste,    22.19 KB (  1%) overhead. 
       Both:     11.62 MB capacity,    10.63 MB ( 91%) used,   956.30 KB (  8%) free+waste,    62.94 KB ( <1%) overhead. 

Virtual space:
  Non-class space:       10.00 MB reserved,      10.00 MB (100%) committed 
      Class space:        1.00 GB reserved,       1.75 MB ( <1%) committed 
             Both:        1.01 GB reserved,      11.75 MB (  1%) committed 

Chunk freelists:
   Non-Class:  1.13 KB
       Class:  3.00 KB
        Both:  4.13 KB

CodeHeap 'non-profiled nmethods': size=120064Kb used=370Kb max_used=370Kb free=119693Kb
 bounds [0x000002d74ae70000, 0x000002d74b0e0000, 0x000002d7523b0000]
CodeHeap 'profiled nmethods': size=120000Kb used=2280Kb max_used=2280Kb free=117719Kb
 bounds [0x000002d743940000, 0x000002d743bb0000, 0x000002d74ae70000]
CodeHeap 'non-nmethods': size=5696Kb used=1287Kb max_used=1287Kb free=4408Kb
 bounds [0x000002d7433b0000, 0x000002d743620000, 0x000002d743940000]
 total_blobs=2138 nmethods=1231 adapters=588
 compilation: enabled
              stopped_count=0, restarted_count=0
 full_count=0

Compilation events (10 events):
Event: 0.713 Thread 0x000002d759d58800 1151       3       java.lang.StringConcatHelper::checkOverflow (17 bytes)
Event: 0.713 Thread 0x000002d759d58800 nmethod 1151 0x000002d743b46190 code [0x000002d743b46360, 0x000002d743b465b0]
Event: 0.713 Thread 0x000002d759d58800 1152       3       java.lang.invoke.BoundMethodHandle::rebind (14 bytes)
Event: 0.713 Thread 0x000002d759d58800 nmethod 1152 0x000002d743b46690 code [0x000002d743b46900, 0x000002d743b47330]
Event: 0.713 Thread 0x000002d759d58800 1153       3       java.lang.invoke.BoundMethodHandle::tooComplex (27 bytes)
Event: 0.714 Thread 0x000002d759d58800 nmethod 1153 0x000002d743b47690 code [0x000002d743b47880, 0x000002d743b47d80]
Event: 0.715 Thread 0x000002d759d58800 1154       3       java.nio.ByteBuffer::arrayOffset (35 bytes)
Event: 0.715 Thread 0x000002d759d58800 nmethod 1154 0x000002d743b47f10 code [0x000002d743b48100, 0x000002d743b48460]
Event: 0.715 Thread 0x000002d759d58800 1155       3       java.lang.StringLatin1::indexOf (121 bytes)
Event: 0.715 Thread 0x000002d759d58800 nmethod 1155 0x000002d743b48590 code [0x000002d743b48780, 0x000002d743b48cb8]

GC Heap History (2 events):
Event: 0.415 GC heap before
{Heap before GC invocations=0 (full 0):
 garbage-first heap   total 131072K, used 13312K [0x0000000081a00000, 0x0000000100000000)
  region size 1024K, 14 young (14336K), 0 survivors (0K)
 Metaspace       used 3317K, capacity 6486K, committed 6656K, reserved 1056768K
  class space    used 370K, capacity 704K, committed 768K, reserved 1048576K
}
Event: 0.418 GC heap after
{Heap after GC invocations=1 (full 0):
 garbage-first heap   total 131072K, used 1802K [0x0000000081a00000, 0x0000000100000000)
  region size 1024K, 2 young (2048K), 2 survivors (2048K)
 Metaspace       used 3317K, capacity 6486K, committed 6656K, reserved 1056768K
  class space    used 370K, capacity 704K, committed 768K, reserved 1048576K
}

Deoptimization events (10 events):
Event: 0.557 Thread 0x000002d75a458000 Uncommon trap: reason=class_check action=maybe_recompile pc=0x000002d74aeba818 method=java.io.DataInputStream.readShort()S @ 4 c2
Event: 0.557 Thread 0x000002d75a458000 Uncommon trap: reason=class_check action=maybe_recompile pc=0x000002d74aeba818 method=java.io.DataInputStream.readShort()S @ 4 c2
Event: 0.562 Thread 0x000002d75a458000 Uncommon trap: reason=class_check action=maybe_recompile pc=0x000002d74aebb67c method=java.util.HashMap.getNode(ILjava/lang/Object;)Ljava/util/HashMap$Node; @ 126 c2
Event: 0.562 Thread 0x000002d75a458000 Uncommon trap: reason=class_check action=maybe_recompile pc=0x000002d74aebb67c method=java.util.HashMap.getNode(ILjava/lang/Object;)Ljava/util/HashMap$Node; @ 126 c2
Event: 0.562 Thread 0x000002d75a458000 Uncommon trap: reason=class_check action=maybe_recompile pc=0x000002d74aebb67c method=java.util.HashMap.getNode(ILjava/lang/Object;)Ljava/util/HashMap$Node; @ 126 c2
Event: 0.562 Thread 0x000002d75a458000 Uncommon trap: reason=class_check action=maybe_recompile pc=0x000002d74aebb67c method=java.util.HashMap.getNode(ILjava/lang/Object;)Ljava/util/HashMap$Node; @ 126 c2
Event: 0.562 Thread 0x000002d75a458000 Uncommon trap: reason=unstable_if action=reinterpret pc=0x000002d74aeabaa0 method=java.util.HashMap.putVal(ILjava/lang/Object;Ljava/lang/Object;ZZ)Ljava/lang/Object; @ 162 c2
Event: 0.570 Thread 0x000002d75a458000 Uncommon trap: reason=unstable_if action=reinterpret pc=0x000002d74aec0a68 method=java.util.HashMap.getNode(ILjava/lang/Object;)Ljava/util/HashMap$Node; @ 129 c2
Event: 0.626 Thread 0x000002d75a458000 Uncommon trap: reason=unstable_if action=reinterpret pc=0x000002d74aea91dc method=java.lang.String.startsWith(Ljava/lang/String;I)Z @ 1 c2
Event: 0.689 Thread 0x000002d75a458000 Uncommon trap: reason=unstable_if action=reinterpret pc=0x000002d74aec4e64 method=java.util.HashMap.hash(Ljava/lang/Object;)I @ 1 c2

Classes redefined (0 events):
No events

Internal exceptions (10 events):
Event: 0.435 Thread 0x000002d73afa7000 Exception <a 'java/lang/NoSuchMethodError'{0x0000000089787880}: java.lang.invoke.Invokers$Holder.linkToTargetMethod(Ljava/lang/Object;Ljava/lang/Object;Ljava/lang/Object;Ljava/lang/Object;Ljava/lang/Object;Ljava/lang/Object;)Ljava/lang/Object;> (0x0000000
Event: 0.452 Thread 0x000002d75b2b4000 Exception <a 'java/lang/NoSuchMethodError'{0x0000000089404180}: java.lang.invoke.DirectMethodHandle$Holder.invokeStatic(Ljava/lang/Object;Ljava/lang/Object;Ljava/lang/Object;Ljava/lang/Object;)V> (0x0000000089404180) thrown at [t:/workspace/open/src/hotsp
Event: 0.496 Thread 0x000002d75a458000 Exception <a 'java/lang/NoSuchMethodError'{0x000000008914c078}: java.lang.invoke.DirectMethodHandle$Holder.invokeStaticInit(Ljava/lang/Object;Ljava/lang/Object;Ljava/lang/Object;Ljava/lang/Object;)Ljava/lang/Object;> (0x000000008914c078) thrown at [t:/wor
Event: 0.497 Thread 0x000002d75a458000 Exception <a 'java/lang/NullPointerException'{0x0000000089159560}> (0x0000000089159560) thrown at [t:/workspace/open/src/hotspot/share/interpreter/linkResolver.cpp, line 1356]
Event: 0.514 Thread 0x000002d75a458000 Exception <a 'java/lang/NoSuchMethodError'{0x00000000890701a8}: java.lang.invoke.DirectMethodHandle$Holder.invokeSpecial(Ljava/lang/Object;Ljava/lang/Object;Ljava/lang/Object;Ljava/lang/Object;Ljava/lang/Object;)V> (0x00000000890701a8) thrown at [t:/works
Event: 0.579 Thread 0x000002d75a458000 Exception <a 'java/lang/NoSuchMethodError'{0x0000000088962520}: java.lang.invoke.DirectMethodHandle$Holder.invokeStaticInit(Ljava/lang/Object;Ljava/lang/Object;)V> (0x0000000088962520) thrown at [t:/workspace/open/src/hotspot/share/interpreter/linkResolve
Event: 0.608 Thread 0x000002d75a458000 Exception <a 'java/lang/ClassNotFoundException'{0x00000000887e7818}: sun/awt/resources/spi/awtProvider> (0x00000000887e7818) thrown at [t:/workspace/open/src/hotspot/share/classfile/systemDictionary.cpp, line 235]
Event: 0.617 Thread 0x000002d75a458000 Exception <a 'java/io/FileNotFoundException'{0x0000000088611658}> (0x0000000088611658) thrown at [t:/workspace/open/src/hotspot/share/prims/jni.cpp, line 615]
Event: 0.617 Thread 0x000002d75a458000 Exception <a 'java/io/FileNotFoundException'{0x0000000088612e30}> (0x0000000088612e30) thrown at [t:/workspace/open/src/hotspot/share/prims/jni.cpp, line 615]
Event: 0.689 Thread 0x000002d75a458000 Implicit null exception at 0x000002d74aec3cae to 0x000002d74aec4e4a

Events (10 events):
Event: 0.705 loading class javafx/scene/Scene$KeyHandler
Event: 0.705 loading class javafx/scene/Scene$KeyHandler done
Event: 0.713 loading class com/sun/javafx/tk/quantum/spi/QuantumMessagesBundleProvider
Event: 0.713 loading class com/sun/javafx/tk/quantum/spi/QuantumMessagesBundleProvider done
Event: 0.713 loading class java/util/PropertyResourceBundle
Event: 0.713 loading class java/util/PropertyResourceBundle done
Event: 0.713 loading class sun/util/PropertyResourceBundleCharset
Event: 0.714 loading class sun/util/PropertyResourceBundleCharset done
Event: 0.714 loading class sun/util/PropertyResourceBundleCharset$PropertiesFileDecoder
Event: 0.714 loading class sun/util/PropertyResourceBundleCharset$PropertiesFileDecoder done


Dynamic libraries:
0x00007ff69c470000 - 0x00007ff69c47f000 	D:\Java\bin\javaw.exe
0x00007ff83ea40000 - 0x00007ff83ec30000 	C:\WINDOWS\SYSTEM32\ntdll.dll
0x00007ff83e820000 - 0x00007ff83e8d2000 	C:\WINDOWS\System32\KERNEL32.DLL
0x00007ff83c760000 - 0x00007ff83ca03000 	C:\WINDOWS\System32\KERNELBASE.dll
0x00007ff83c630000 - 0x00007ff83c72a000 	C:\WINDOWS\System32\ucrtbase.dll
0x00007ff834560000 - 0x00007ff834576000 	D:\Java\bin\VCRUNTIME140.dll
0x00007ff8347a0000 - 0x00007ff8347b8000 	D:\Java\bin\jli.dll
0x00007ff83dc00000 - 0x00007ff83dca3000 	C:\WINDOWS\System32\ADVAPI32.dll
0x00007ff83de60000 - 0x00007ff83defe000 	C:\WINDOWS\System32\msvcrt.dll
0x00007ff83db60000 - 0x00007ff83dbf7000 	C:\WINDOWS\System32\sechost.dll
0x00007ff83d680000 - 0x00007ff83d7a0000 	C:\WINDOWS\System32\RPCRT4.dll
0x00007ff83d330000 - 0x00007ff83d4c4000 	C:\WINDOWS\System32\USER32.dll
0x00007ff83c600000 - 0x00007ff83c621000 	C:\WINDOWS\System32\win32u.dll
0x00007ff83d5b0000 - 0x00007ff83d5d6000 	C:\WINDOWS\System32\GDI32.dll
0x00007ff83b9d0000 - 0x00007ff83bb64000 	C:\WINDOWS\System32\gdi32full.dll
0x00007ff83bb70000 - 0x00007ff83bc0e000 	C:\WINDOWS\System32\msvcp_win.dll
0x00007ff82bf10000 - 0x00007ff82c195000 	C:\WINDOWS\WinSxS\amd64_microsoft.windows.common-controls_6595b64144ccf1df_6.0.18362.535_none_e6c3b34713100821\COMCTL32.dll
0x00007ff83d7a0000 - 0x00007ff83dad6000 	C:\WINDOWS\System32\combase.dll
0x00007ff83ca10000 - 0x00007ff83ca90000 	C:\WINDOWS\System32\bcryptPrimitives.dll
0x00007ff835b00000 - 0x00007ff835b0a000 	C:\WINDOWS\SYSTEM32\VERSION.dll
0x00007ff83d650000 - 0x00007ff83d67e000 	C:\WINDOWS\System32\IMM32.DLL
0x00007ffffc980000 - 0x00007ffffca2a000 	D:\Java\bin\msvcp140.dll
0x00007fffe5770000 - 0x00007fffe62e7000 	D:\Java\bin\server\jvm.dll
0x00007ff83dae0000 - 0x00007ff83dae8000 	C:\WINDOWS\System32\PSAPI.DLL
0x00007ff835110000 - 0x00007ff835134000 	C:\WINDOWS\SYSTEM32\WINMM.dll
0x00007ff834480000 - 0x00007ff834489000 	C:\WINDOWS\SYSTEM32\WSOCK32.dll
0x00007ff83d5e0000 - 0x00007ff83d64f000 	C:\WINDOWS\System32\WS2_32.dll
0x00007ff8350e0000 - 0x00007ff83510d000 	C:\WINDOWS\SYSTEM32\WINMMBASE.dll
0x00007ff83bc30000 - 0x00007ff83bc7a000 	C:\WINDOWS\System32\cfgmgr32.dll
0x00007ff83b920000 - 0x00007ff83b931000 	C:\WINDOWS\System32\kernel.appcore.dll
0x00007ff833a20000 - 0x00007ff833a31000 	D:\Java\bin\verify.dll
0x00007ff83a310000 - 0x00007ff83a504000 	C:\WINDOWS\SYSTEM32\DBGHELP.DLL
0x00007ff8288a0000 - 0x00007ff8288ca000 	C:\WINDOWS\SYSTEM32\dbgcore.DLL
0x00007ff8336b0000 - 0x00007ff8336d6000 	D:\Java\bin\java.dll
0x00007ff833690000 - 0x00007ff8336a7000 	D:\Java\bin\zip.dll
0x00007ff833ab0000 - 0x00007ff833aba000 	D:\Java\bin\jimage.dll
0x00007ff83caf0000 - 0x00007ff83d1d5000 	C:\WINDOWS\System32\SHELL32.dll
0x00007ff83d1e0000 - 0x00007ff83d289000 	C:\WINDOWS\System32\shcore.dll
0x00007ff83be80000 - 0x00007ff83c5ff000 	C:\WINDOWS\System32\windows.storage.dll
0x00007ff83b9b0000 - 0x00007ff83b9cf000 	C:\WINDOWS\System32\profapi.dll
0x00007ff83b940000 - 0x00007ff83b98a000 	C:\WINDOWS\System32\powrprof.dll
0x00007ff83b910000 - 0x00007ff83b920000 	C:\WINDOWS\System32\UMPDC.dll
0x00007ff83d550000 - 0x00007ff83d5a2000 	C:\WINDOWS\System32\shlwapi.dll
0x00007ff83bc10000 - 0x00007ff83bc27000 	C:\WINDOWS\System32\cryptsp.dll
0x00007ff833670000 - 0x00007ff833689000 	D:\Java\bin\net.dll
0x00007ff82d5d0000 - 0x00007ff82d6c0000 	C:\WINDOWS\SYSTEM32\WINHTTP.dll
0x00007ff832580000 - 0x00007ff832756000 	C:\WINDOWS\SYSTEM32\urlmon.dll
0x00007ff832ee0000 - 0x00007ff833186000 	C:\WINDOWS\SYSTEM32\iertutil.dll
0x00007ff83b350000 - 0x00007ff83b35c000 	C:\WINDOWS\SYSTEM32\CRYPTBASE.DLL
0x00007ff83b180000 - 0x00007ff83b1e7000 	C:\WINDOWS\system32\mswsock.dll
0x00007ff833650000 - 0x00007ff833663000 	D:\Java\bin\nio.dll
0x000002d738eb0000 - 0x000002d738eb3000 	D:\javaFX\javafx-sdk-13.0.1\bin\api-ms-win-core-console-l1-1-0.dll
0x000002d738ec0000 - 0x000002d738ec3000 	D:\javaFX\javafx-sdk-13.0.1\bin\api-ms-win-core-datetime-l1-1-0.dll
0x000002d738ed0000 - 0x000002d738ed3000 	D:\javaFX\javafx-sdk-13.0.1\bin\api-ms-win-core-debug-l1-1-0.dll
0x000002d73af00000 - 0x000002d73af03000 	D:\javaFX\javafx-sdk-13.0.1\bin\api-ms-win-core-errorhandling-l1-1-0.dll
0x000002d73af10000 - 0x000002d73af14000 	D:\javaFX\javafx-sdk-13.0.1\bin\api-ms-win-core-file-l1-1-0.dll
0x000002d73af20000 - 0x000002d73af23000 	D:\javaFX\javafx-sdk-13.0.1\bin\api-ms-win-core-file-l1-2-0.dll
0x000002d73af30000 - 0x000002d73af33000 	D:\javaFX\javafx-sdk-13.0.1\bin\api-ms-win-core-file-l2-1-0.dll
0x000002d73af40000 - 0x000002d73af43000 	D:\javaFX\javafx-sdk-13.0.1\bin\api-ms-win-core-handle-l1-1-0.dll
0x000002d73af50000 - 0x000002d73af53000 	D:\javaFX\javafx-sdk-13.0.1\bin\api-ms-win-core-heap-l1-1-0.dll
0x000002d73af60000 - 0x000002d73af63000 	D:\javaFX\javafx-sdk-13.0.1\bin\api-ms-win-core-interlocked-l1-1-0.dll
0x000002d73af70000 - 0x000002d73af73000 	D:\javaFX\javafx-sdk-13.0.1\bin\api-ms-win-core-libraryloader-l1-1-0.dll
0x000002d75b920000 - 0x000002d75b923000 	D:\javaFX\javafx-sdk-13.0.1\bin\api-ms-win-core-localization-l1-2-0.dll
0x000002d75b930000 - 0x000002d75b933000 	D:\javaFX\javafx-sdk-13.0.1\bin\api-ms-win-core-memory-l1-1-0.dll
0x000002d75b940000 - 0x000002d75b943000 	D:\javaFX\javafx-sdk-13.0.1\bin\api-ms-win-core-namedpipe-l1-1-0.dll
0x000002d75b950000 - 0x000002d75b953000 	D:\javaFX\javafx-sdk-13.0.1\bin\api-ms-win-core-processenvironment-l1-1-0.dll
0x000002d75b960000 - 0x000002d75b963000 	D:\javaFX\javafx-sdk-13.0.1\bin\api-ms-win-core-processthreads-l1-1-0.dll
0x000002d75b970000 - 0x000002d75b973000 	D:\javaFX\javafx-sdk-13.0.1\bin\api-ms-win-core-processthreads-l1-1-1.dll
0x000002d75b980000 - 0x000002d75b983000 	D:\javaFX\javafx-sdk-13.0.1\bin\api-ms-win-core-profile-l1-1-0.dll
0x000002d75b990000 - 0x000002d75b993000 	D:\javaFX\javafx-sdk-13.0.1\bin\api-ms-win-core-rtlsupport-l1-1-0.dll
0x000002d75b9a0000 - 0x000002d75b9a3000 	D:\javaFX\javafx-sdk-13.0.1\bin\api-ms-win-core-string-l1-1-0.dll
0x000002d75b9b0000 - 0x000002d75b9b3000 	D:\javaFX\javafx-sdk-13.0.1\bin\api-ms-win-core-synch-l1-1-0.dll
0x000002d75b9c0000 - 0x000002d75b9c3000 	D:\javaFX\javafx-sdk-13.0.1\bin\api-ms-win-core-synch-l1-2-0.dll
0x000002d75b9d0000 - 0x000002d75b9d3000 	D:\javaFX\javafx-sdk-13.0.1\bin\api-ms-win-core-sysinfo-l1-1-0.dll
0x000002d75b9e0000 - 0x000002d75b9e3000 	D:\javaFX\javafx-sdk-13.0.1\bin\api-ms-win-core-timezone-l1-1-0.dll
0x000002d75b9f0000 - 0x000002d75b9f3000 	D:\javaFX\javafx-sdk-13.0.1\bin\api-ms-win-core-util-l1-1-0.dll
0x000002d75ba00000 - 0x000002d75ba03000 	D:\javaFX\javafx-sdk-13.0.1\bin\api-ms-win-crt-conio-l1-1-0.dll
0x000002d75bda0000 - 0x000002d75bda4000 	D:\javaFX\javafx-sdk-13.0.1\bin\api-ms-win-crt-convert-l1-1-0.dll
0x000002d75bdb0000 - 0x000002d75bdb3000 	D:\javaFX\javafx-sdk-13.0.1\bin\api-ms-win-crt-environment-l1-1-0.dll
0x000002d75bdc0000 - 0x000002d75bdc3000 	D:\javaFX\javafx-sdk-13.0.1\bin\api-ms-win-crt-filesystem-l1-1-0.dll
0x000002d75bdd0000 - 0x000002d75bdd3000 	D:\javaFX\javafx-sdk-13.0.1\bin\api-ms-win-crt-heap-l1-1-0.dll
0x000002d75bde0000 - 0x000002d75bde3000 	D:\javaFX\javafx-sdk-13.0.1\bin\api-ms-win-crt-locale-l1-1-0.dll
0x000002d75bdf0000 - 0x000002d75bdf5000 	D:\javaFX\javafx-sdk-13.0.1\bin\api-ms-win-crt-math-l1-1-0.dll
0x000002d75be00000 - 0x000002d75be05000 	D:\javaFX\javafx-sdk-13.0.1\bin\api-ms-win-crt-multibyte-l1-1-0.dll
0x000002d75be10000 - 0x000002d75be20000 	D:\javaFX\javafx-sdk-13.0.1\bin\api-ms-win-crt-private-l1-1-0.dll
0x000002d75be20000 - 0x000002d75be23000 	D:\javaFX\javafx-sdk-13.0.1\bin\api-ms-win-crt-process-l1-1-0.dll
0x000002d75ba10000 - 0x000002d75ba14000 	D:\javaFX\javafx-sdk-13.0.1\bin\api-ms-win-crt-runtime-l1-1-0.dll
0x000002d75ba20000 - 0x000002d75ba24000 	D:\javaFX\javafx-sdk-13.0.1\bin\api-ms-win-crt-stdio-l1-1-0.dll
0x000002d75ba30000 - 0x000002d75ba34000 	D:\javaFX\javafx-sdk-13.0.1\bin\api-ms-win-crt-string-l1-1-0.dll
0x000002d75ba40000 - 0x000002d75ba43000 	D:\javaFX\javafx-sdk-13.0.1\bin\api-ms-win-crt-time-l1-1-0.dll
0x000002d75ba50000 - 0x000002d75ba53000 	D:\javaFX\javafx-sdk-13.0.1\bin\api-ms-win-crt-utility-l1-1-0.dll
0x00007ffffc880000 - 0x00007ffffc97c000 	D:\javaFX\javafx-sdk-13.0.1\bin\ucrtbase.dll
0x00007ff8340b0000 - 0x00007ff8340c5000 	D:\javaFX\javafx-sdk-13.0.1\bin\vcruntime140.dll
0x00007ffffb5e0000 - 0x00007ffffb67b000 	D:\javaFX\javafx-sdk-13.0.1\bin\msvcp140.dll
0x00007ff81a110000 - 0x00007ff81a161000 	D:\javaFX\javafx-sdk-13.0.1\bin\concrt140.dll
0x00007ff833a50000 - 0x00007ff833a73000 	D:\javaFX\javafx-sdk-13.0.1\bin\prism_d3d.dll
0x00007ff833d30000 - 0x00007ff833ef7000 	C:\WINDOWS\system32\d3d9.dll
0x00007ff839d70000 - 0x00007ff839d9d000 	C:\WINDOWS\SYSTEM32\dwmapi.dll
0x00007ff83a570000 - 0x00007ff83a590000 	C:\WINDOWS\SYSTEM32\dxcore.dll
0x00007ff839950000 - 0x00007ff8399e9000 	C:\WINDOWS\system32\uxtheme.dll
0x00007fffd8b90000 - 0x00007fffdbd58000 	C:\WINDOWS\System32\DriverStore\FileRepository\igdlh64.inf_amd64_c552e4480cba79db\igdumdim64.dll
0x00007ff83e270000 - 0x00007ff83e6e0000 	C:\WINDOWS\System32\SETUPAPI.dll
0x00007ff83c730000 - 0x00007ff83c756000 	C:\WINDOWS\System32\bcrypt.dll
0x00007ff83dfe0000 - 0x00007ff83e136000 	C:\WINDOWS\System32\ole32.dll
0x00007ff83e140000 - 0x00007ff83e204000 	C:\WINDOWS\System32\OLEAUT32.dll
0x00007ff8159c0000 - 0x00007ff815a05000 	D:\javaFX\javafx-sdk-13.0.1\bin\glass.dll
0x00007ff83df10000 - 0x00007ff83dfe0000 	C:\WINDOWS\System32\COMDLG32.dll
0x00007ff83e6e0000 - 0x00007ff83e815000 	C:\WINDOWS\System32\MSCTF.dll
0x00007ff82d6e0000 - 0x00007ff82ed10000 	C:\WINDOWS\System32\DriverStore\FileRepository\igdlh64.inf_amd64_c552e4480cba79db\igc64.dll
0x00007ff833630000 - 0x00007ff833644000 	D:\javaFX\javafx-sdk-13.0.1\bin\javafx_font.dll
0x00007ffffad40000 - 0x00007ffffaedf000 	D:\Java\bin\awt.dll
0x00007ff8383a0000 - 0x00007ff838960000 	C:\WINDOWS\SYSTEM32\d2d1.dll
0x00007ff839850000 - 0x00007ff8398df000 	C:\WINDOWS\SYSTEM32\apphelp.dll
0x00007ff82c250000 - 0x00007ff82c3a6000 	C:\WINDOWS\system32\opengl32.dll
0x00007ff833c60000 - 0x00007ff833c8c000 	C:\WINDOWS\SYSTEM32\GLU32.dll
0x00007ff8178d0000 - 0x00007ff817bce000 	C:\WINDOWS\SYSTEM32\dwrite.dll
0x00007ff83e940000 - 0x00007ff83e9e2000 	C:\WINDOWS\System32\clbcatq.dll
0x00007ff832ab0000 - 0x00007ff832c5f000 	C:\WINDOWS\SYSTEM32\WindowsCodecs.dll
0x00007ff82c860000 - 0x00007ff82c89a000 	C:\WINDOWS\system32\dataexchange.dll
0x00007ff839020000 - 0x00007ff8391fb000 	C:\WINDOWS\system32\dcomp.dll
0x00007ff838960000 - 0x00007ff838bbb000 	C:\WINDOWS\system32\d3d11.dll
0x00007ff83a610000 - 0x00007ff83a6fb000 	C:\WINDOWS\system32\dxgi.dll
0x00007ff839a20000 - 0x00007ff839c7a000 	C:\WINDOWS\system32\twinapi.appcore.dll
0x00007ff839e80000 - 0x00007ff839ea9000 	C:\WINDOWS\system32\RMCLIENT.dll
0x00007ff833980000 - 0x00007ff8339b3000 	C:\Program Files\Common Files\Microsoft Shared\Ink\rtscom.dll
0x00007ff831970000 - 0x00007ff831a0e000 	C:\WINDOWS\System32\TextInputFramework.dll
0x00007ff8395a0000 - 0x00007ff839674000 	C:\WINDOWS\System32\CoreMessaging.dll
0x00007ff830df0000 - 0x00007ff83111a000 	C:\WINDOWS\System32\CoreUIComponents.dll

dbghelp: loaded successfully - version: 4.0.5 - missing functions: none
symbol engine: initialized successfully - sym options: 0x614 - pdb path: .;D:\Java\bin;C:\WINDOWS\SYSTEM32;C:\WINDOWS\WinSxS\amd64_microsoft.windows.common-controls_6595b64144ccf1df_6.0.18362.535_none_e6c3b34713100821;D:\Java\bin\server;D:\javaFX\javafx-sdk-13.0.1\bin;C:\WINDOWS\System32\DriverStore\FileRepository\igdlh64.inf_amd64_c552e4480cba79db;C:\WINDOWS\System32\DriverStore\FileRepository\nvlti.inf_amd64_cc47501cae9e84a1;C:\Program Files\Common Files\Microsoft Shared\Ink

VM Arguments:
jvm_args: --module-path=D:\javaFX\javafx-sdk-13.0.1\lib --add-modules=javafx.controls,javafx.fxml -Dfile.encoding=Cp1252 
java_command: Game.Main
java_class_path (initial): D:\Git\POO_Game\DukesOfRealms\bin;D:\javaFX\javafx-sdk-13.0.1\lib\javafx.base.jar;D:\javaFX\javafx-sdk-13.0.1\lib\javafx.controls.jar;D:\javaFX\javafx-sdk-13.0.1\lib\javafx.fxml.jar;D:\javaFX\javafx-sdk-13.0.1\lib\javafx.graphics.jar;D:\javaFX\javafx-sdk-13.0.1\lib\javafx.media.jar;D:\javaFX\javafx-sdk-13.0.1\lib\javafx.swing.jar;D:\javaFX\javafx-sdk-13.0.1\lib\javafx.web.jar;D:\javaFX\javafx-sdk-13.0.1\lib\javafx-swt.jar
Launcher Type: SUN_STANDARD

[Global flags]
     intx CICompilerCount                          = 3                                         {product} {ergonomic}
     uint ConcGCThreads                            = 1                                         {product} {ergonomic}
     uint G1ConcRefinementThreads                  = 4                                         {product} {ergonomic}
   size_t G1HeapRegionSize                         = 1048576                                   {product} {ergonomic}
    uintx GCDrainStackTargetSize                   = 64                                        {product} {ergonomic}
   size_t InitialHeapSize                          = 134217728                                 {product} {ergonomic}
   size_t MarkStackSize                            = 4194304                                   {product} {ergonomic}
   size_t MaxHeapSize                              = 2120220672                                {product} {ergonomic}
   size_t MaxNewSize                               = 1271922688                                {product} {ergonomic}
   size_t MinHeapDeltaBytes                        = 1048576                                   {product} {ergonomic}
    uintx NonNMethodCodeHeapSize                   = 5830732                                {pd product} {ergonomic}
    uintx NonProfiledCodeHeapSize                  = 122913754                              {pd product} {ergonomic}
    uintx ProfiledCodeHeapSize                     = 122913754                              {pd product} {ergonomic}
    uintx ReservedCodeCacheSize                    = 251658240                              {pd product} {ergonomic}
     bool SegmentedCodeCache                       = true                                      {product} {ergonomic}
     bool UseCompressedClassPointers               = true                                 {lp64_product} {ergonomic}
     bool UseCompressedOops                        = true                                 {lp64_product} {ergonomic}
     bool UseG1GC                                  = true                                      {product} {ergonomic}
     bool UseLargePagesIndividualAllocation        = false                                  {pd product} {ergonomic}

Logging:
Log output configuration:
 #0: stdout all=warning uptime,level,tags
 #1: stderr all=off uptime,level,tags

Environment Variables:
PATH=D:/Java/bin/server;D:/Java/bin;D:\Qt\5.9.8\mingw53_32\bin;D:\app\client\Nicolas\product\18.0.0\client_1;D:\app\client\Nicolas\product\18.0.0\client_1\bin;C:\Program Files (x86)\Common Files\Oracle\Java\javapath;C:\Program Files (x86)\Intel\iCLS Client\;C:\Program Files\Intel\iCLS Client\;C:\Windows\system32;C:\Windows;C:\Windows\System32\Wbem;C:\Windows\System32\WindowsPowerShell\v1.0\;C:\Program Files (x86)\Intel\Intel(R) Management Engine Components\DAL;C:\Program Files\Intel\Intel(R) Management Engine Components\DAL;C:\Program Files (x86)\Intel\Intel(R) Management Engine Components\IPT;C:\Program Files\Intel\Intel(R) Management Engine Components\IPT;C:\Program Files (x86)\NVIDIA Corporation\PhysX\Common;C:\WINDOWS\system32;C:\WINDOWS;C:\WINDOWS\System32\Wbem;C:\WINDOWS\System32\WindowsPowerShell\v1.0\;C:\WINDOWS\System32\OpenSSH\;D:\MinGW\bin;C:\Program Files\NVIDIA Corporation\NVIDIA NvDLISR;C:\Program Files\dotnet\;C:\Program Files\Microsoft SQL Server\130\Tools\Binn\;C:\Program Files\Microsoft SQL Server\Client SDK\ODBC\130\Tools\Binn\;C:\Program Files (x86)\Microsoft SQL Server\140\Tools\Binn\;C:\Program Files\Microsoft SQL Server\140\Tools\Binn\;C:\Program Files\Microsoft SQL Server\140\DTS\Binn\;C:\WINDOWS\system32;C:\WINDOWS;C:\WINDOWS\System32\Wbem;C:\WINDOWS\System32\WindowsPowerShell\v1.0\;C:\WINDOWS\System32\OpenSSH\;C:\TDM-GCC-64\bin;C:\TDM-GCC-64\bin;D:\Qt\Tools\mingw530_32\bin;D:\opencv-build\openbuild\install\x86\mingw\bin;D:\opencv-build\openbuild\install\include;C:\Program Files\Microsoft SQL Server\Client SDK\ODBC\170\Tools\Binn\;C:\Users\Nicolas\AppData\Local\Microsoft\WindowsApps;C:\Users\Nicolas\AppData\Local\atom\bin;C:\Users\Nicolas\AppData\Local\GitHubDesktop\bin;D:\Program Files\DrMemory\bin\;%USERPROFILE%\AppData\Local\Microsoft\WindowsApps;;C:\WINDOWS\System32;
USERNAME=Nicolas
OS=Windows_NT
PROCESSOR_IDENTIFIER=Intel64 Family 6 Model 158 Stepping 9, GenuineIntel



---------------  S Y S T E M  ---------------

OS: Windows 10 , 64 bit Build 18362 (10.0.18362.329)

CPU:total 4 (initial active 4) (4 cores per cpu, 1 threads per core) family 6 model 158 stepping 9, cmov, cx8, fxsr, mmx, sse, sse2, sse3, ssse3, sse4.1, sse4.2, popcnt, avx, avx2, aes, clmul, erms, 3dnowpref, lzcnt, tsc, tscinvbit, bmi1, bmi2, adx, fma

Memory: 4k page, system-wide physical 8084M (1018M free)
TotalPageFile size 23187M (AvailPageFile size 4M)
current process WorkingSet (physical memory assigned to process): 142M, peak: 142M
current process commit charge ("private bytes"): 279M, peak: 281M

vm_info: Java HotSpot(TM) 64-Bit Server VM (12.0.2+10) for windows-amd64 JRE (12.0.2+10), built on Jul 16 2019 01:56:17 by "mach5one" with MS VC++ 15.5 (VS2017)

END.
