#
# There is insufficient memory for the Java Runtime Environment to continue.
# Native memory allocation (mmap) failed to map 134217728 bytes for Failed to commit area from 0x0000000081a00000 to 0x0000000089a00000 of length 134217728.
# Possible reasons:
#   The system is out of physical RAM or swap space
#   The process is running with CompressedOops enabled, and the Java Heap may be blocking the growth of the native heap
# Possible solutions:
#   Reduce memory load on the system
#   Increase physical memory or swap space
#   Check if swap backing store is full
#   Decrease Java heap size (-Xmx/-Xms)
#   Decrease number of Java threads
#   Decrease Java thread stack sizes (-Xss)
#   Set larger code cache with -XX:ReservedCodeCacheSize=
# This output file may be truncated or incomplete.
#
#  Out of Memory Error (t:/workspace/open/src/hotspot/os/windows/os_windows.cpp:3264), pid=10084, tid=24060
#
# JRE version:  (12.0.2+10) (build )
# Java VM: Java HotSpot(TM) 64-Bit Server VM (12.0.2+10, mixed mode, aot, sharing, tiered, compressed oops, g1 gc, windows-amd64)
# No core dump will be written. Minidumps are not enabled by default on client versions of Windows
#

---------------  S U M M A R Y ------------

Command Line: --module-path=D:\javaFX\javafx-sdk-13.0.1\lib --add-modules=javafx.controls,javafx.fxml -Dfile.encoding=Cp1252 Game.Main

Host: Intel(R) Core(TM) i5-7300HQ CPU @ 2.50GHz, 4 cores, 7G,  Windows 10 , 64 bit Build 18362 (10.0.18362.329)
Time: Sun Jan  5 19:29:39 2020 Paris, Madrid elapsed time: 0 seconds (0d 0h 0m 0s)

---------------  T H R E A D  ---------------

Current thread (0x0000011eb33d6800):  JavaThread "Unknown thread" [_thread_in_vm, id=24060, stack(0x0000000834f00000,0x0000000835000000)]

Stack: [0x0000000834f00000,0x0000000835000000]
Native frames: (J=compiled Java code, j=interpreted, Vv=VM code, C=native code)
V  [jvm.dll+0x63aa2a]
V  [jvm.dll+0x78ce1e]
V  [jvm.dll+0x78e4c1]
V  [jvm.dll+0x78eb13]
V  [jvm.dll+0x2627e8]
V  [jvm.dll+0x637f5a]
V  [jvm.dll+0x62c845]
V  [jvm.dll+0x31e49c]
V  [jvm.dll+0x31e2cf]
V  [jvm.dll+0x324006]
V  [jvm.dll+0x371f56]
V  [jvm.dll+0x371720]
V  [jvm.dll+0x2f845a]
V  [jvm.dll+0x2f96d2]
V  [jvm.dll+0x767267]
V  [jvm.dll+0x7689f5]
V  [jvm.dll+0x380059]
V  [jvm.dll+0x74b794]
V  [jvm.dll+0x3ef5cd]
V  [jvm.dll+0x3f1471]
C  [jli.dll+0x51cf]
C  [ucrtbase.dll+0x20e72]
C  [KERNEL32.DLL+0x17bd4]
C  [ntdll.dll+0x6ced1]


---------------  P R O C E S S  ---------------

Threads class SMR info:
_java_thread_list=0x00007fffe6247928, length=0, elements={
}

Java Threads: ( => current thread )

Other Threads:
  0x0000011eb3418000 GCTaskThread "GC Thread#0" [stack: 0x0000000835000000,0x0000000835100000] [id=21592]
  0x0000011eb3425800 ConcurrentGCThread "G1 Main Marker" [stack: 0x0000000835100000,0x0000000835200000] [id=24136]
  0x0000011eb3427800 ConcurrentGCThread "G1 Conc#0" [stack: 0x0000000835200000,0x0000000835300000] [id=24320]

[error occurred during error reporting (printing all threads), id 0xc0000005, EXCEPTION_ACCESS_VIOLATION (0xc0000005) at pc=0x00007fffe5a785e7]

VM state:not at safepoint (not fully initialized)

VM Mutex/Monitor currently owned by a thread:  ([mutex/lock_event])
[0x0000011eb33d4200] Heap_lock - owner thread: 0x0000011eb33d6800

Heap address: 0x0000000081a00000, size: 2022 MB, Compressed Oops mode: Non-zero based: 0x0000000081a00000
Narrow klass base: 0x0000000000000000, Narrow klass shift: 0

GC Heap History (0 events):
No events

Deoptimization events (0 events):
No events

Classes redefined (0 events):
No events

Internal exceptions (0 events):
No events

Events (0 events):
No events


Dynamic libraries:
0x00007ff69c470000 - 0x00007ff69c47f000 	D:\Java\bin\javaw.exe
0x00007ff83ea40000 - 0x00007ff83ec30000 	C:\WINDOWS\SYSTEM32\ntdll.dll
0x00007ff83e820000 - 0x00007ff83e8d2000 	C:\WINDOWS\System32\KERNEL32.DLL
0x00007ff83c760000 - 0x00007ff83ca03000 	C:\WINDOWS\System32\KERNELBASE.dll
0x00007ff83c630000 - 0x00007ff83c72a000 	C:\WINDOWS\System32\ucrtbase.dll
0x00007ff8347a0000 - 0x00007ff8347b8000 	D:\Java\bin\jli.dll
0x00007ff83dc00000 - 0x00007ff83dca3000 	C:\WINDOWS\System32\ADVAPI32.dll
0x00007ff83de60000 - 0x00007ff83defe000 	C:\WINDOWS\System32\msvcrt.dll
0x00007ff83db60000 - 0x00007ff83dbf7000 	C:\WINDOWS\System32\sechost.dll
0x00007ff83d680000 - 0x00007ff83d7a0000 	C:\WINDOWS\System32\RPCRT4.dll
0x00007ff834560000 - 0x00007ff834576000 	D:\Java\bin\VCRUNTIME140.dll
0x00007ff83d330000 - 0x00007ff83d4c4000 	C:\WINDOWS\System32\USER32.dll
0x00007ff83c600000 - 0x00007ff83c621000 	C:\WINDOWS\System32\win32u.dll
0x00007ff83d5b0000 - 0x00007ff83d5d6000 	C:\WINDOWS\System32\GDI32.dll
0x00007ff83b9d0000 - 0x00007ff83bb64000 	C:\WINDOWS\System32\gdi32full.dll
0x00007ff83bb70000 - 0x00007ff83bc0e000 	C:\WINDOWS\System32\msvcp_win.dll
0x00007ff82bf10000 - 0x00007ff82c195000 	C:\WINDOWS\WinSxS\amd64_microsoft.windows.common-controls_6595b64144ccf1df_6.0.18362.535_none_e6c3b34713100821\COMCTL32.dll
0x00007ff83d7a0000 - 0x00007ff83dad6000 	C:\WINDOWS\System32\combase.dll
0x00007ff83ca10000 - 0x00007ff83ca90000 	C:\WINDOWS\System32\bcryptPrimitives.dll
0x00007ff835b00000 - 0x00007ff835b0a000 	C:\WINDOWS\SYSTEM32\VERSION.dll
0x00007ff83d650000 - 0x00007ff83d67e000 	C:\WINDOWS\System32\IMM32.DLL
0x00007ffffc980000 - 0x00007ffffca2a000 	D:\Java\bin\msvcp140.dll
0x00007fffe5770000 - 0x00007fffe62e7000 	D:\Java\bin\server\jvm.dll
0x00007ff83dae0000 - 0x00007ff83dae8000 	C:\WINDOWS\System32\PSAPI.DLL
0x00007ff834480000 - 0x00007ff834489000 	C:\WINDOWS\SYSTEM32\WSOCK32.dll
0x00007ff835110000 - 0x00007ff835134000 	C:\WINDOWS\SYSTEM32\WINMM.dll
0x00007ff83d5e0000 - 0x00007ff83d64f000 	C:\WINDOWS\System32\WS2_32.dll
0x00007ff8350e0000 - 0x00007ff83510d000 	C:\WINDOWS\SYSTEM32\WINMMBASE.dll
0x00007ff83bc30000 - 0x00007ff83bc7a000 	C:\WINDOWS\System32\cfgmgr32.dll
0x00007ff83b920000 - 0x00007ff83b931000 	C:\WINDOWS\System32\kernel.appcore.dll
0x00007ff833a20000 - 0x00007ff833a31000 	D:\Java\bin\verify.dll
0x00007ff83a310000 - 0x00007ff83a504000 	C:\WINDOWS\SYSTEM32\DBGHELP.DLL
0x00007ff8288a0000 - 0x00007ff8288ca000 	C:\WINDOWS\SYSTEM32\dbgcore.DLL
0x00007ff8336b0000 - 0x00007ff8336d6000 	D:\Java\bin\java.dll
0x00007ff833690000 - 0x00007ff8336a7000 	D:\Java\bin\zip.dll
0x00007ff833ab0000 - 0x00007ff833aba000 	D:\Java\bin\jimage.dll

dbghelp: loaded successfully - version: 4.0.5 - missing functions: none
symbol engine: initialized successfully - sym options: 0x614 - pdb path: .;D:\Java\bin;C:\WINDOWS\SYSTEM32;C:\WINDOWS\WinSxS\amd64_microsoft.windows.common-controls_6595b64144ccf1df_6.0.18362.535_none_e6c3b34713100821;D:\Java\bin\server

VM Arguments:
jvm_args: --module-path=D:\javaFX\javafx-sdk-13.0.1\lib --add-modules=javafx.controls,javafx.fxml -Dfile.encoding=Cp1252 
java_command: Game.Main
java_class_path (initial): D:\Git\POO_Game\DukesOfRealms\bin;D:\javaFX\javafx-sdk-13.0.1\lib\javafx.base.jar;D:\javaFX\javafx-sdk-13.0.1\lib\javafx.controls.jar;D:\javaFX\javafx-sdk-13.0.1\lib\javafx.fxml.jar;D:\javaFX\javafx-sdk-13.0.1\lib\javafx.graphics.jar;D:\javaFX\javafx-sdk-13.0.1\lib\javafx.media.jar;D:\javaFX\javafx-sdk-13.0.1\lib\javafx.swing.jar;D:\javaFX\javafx-sdk-13.0.1\lib\javafx.web.jar;D:\javaFX\javafx-sdk-13.0.1\lib\javafx-swt.jar
Launcher Type: SUN_STANDARD

[Global flags]
     intx CICompilerCount                          = 3                                         {product} {ergonomic}
     uint ConcGCThreads                            = 1                                         {product} {ergonomic}
     uint G1ConcRefinementThreads                  = 4                                         {product} {ergonomic}
   size_t G1HeapRegionSize                         = 1048576                                   {product} {ergonomic}
    uintx GCDrainStackTargetSize                   = 64                                        {product} {ergonomic}
   size_t InitialHeapSize                          = 134217728                                 {product} {ergonomic}
   size_t MarkStackSize                            = 4194304                                   {product} {ergonomic}
   size_t MaxHeapSize                              = 2120220672                                {product} {ergonomic}
   size_t MinHeapDeltaBytes                        = 1048576                                   {product} {ergonomic}
    uintx NonNMethodCodeHeapSize                   = 5830732                                {pd product} {ergonomic}
    uintx NonProfiledCodeHeapSize                  = 122913754                              {pd product} {ergonomic}
    uintx ProfiledCodeHeapSize                     = 122913754                              {pd product} {ergonomic}
    uintx ReservedCodeCacheSize                    = 251658240                              {pd product} {ergonomic}
     bool SegmentedCodeCache                       = true                                      {product} {ergonomic}
     bool UseCompressedClassPointers               = true                                 {lp64_product} {ergonomic}
     bool UseCompressedOops                        = true                                 {lp64_product} {ergonomic}
     bool UseG1GC                                  = true                                      {product} {ergonomic}
     bool UseLargePagesIndividualAllocation        = false                                  {pd product} {ergonomic}

Logging:
Log output configuration:
 #0: stdout all=warning uptime,level,tags
 #1: stderr all=off uptime,level,tags

Environment Variables:
PATH=D:/Java/bin/server;D:/Java/bin;D:\Qt\5.9.8\mingw53_32\bin;D:\app\client\Nicolas\product\18.0.0\client_1;D:\app\client\Nicolas\product\18.0.0\client_1\bin;C:\Program Files (x86)\Common Files\Oracle\Java\javapath;C:\Program Files (x86)\Intel\iCLS Client\;C:\Program Files\Intel\iCLS Client\;C:\Windows\system32;C:\Windows;C:\Windows\System32\Wbem;C:\Windows\System32\WindowsPowerShell\v1.0\;C:\Program Files (x86)\Intel\Intel(R) Management Engine Components\DAL;C:\Program Files\Intel\Intel(R) Management Engine Components\DAL;C:\Program Files (x86)\Intel\Intel(R) Management Engine Components\IPT;C:\Program Files\Intel\Intel(R) Management Engine Components\IPT;C:\Program Files (x86)\NVIDIA Corporation\PhysX\Common;C:\WINDOWS\system32;C:\WINDOWS;C:\WINDOWS\System32\Wbem;C:\WINDOWS\System32\WindowsPowerShell\v1.0\;C:\WINDOWS\System32\OpenSSH\;D:\MinGW\bin;C:\Program Files\NVIDIA Corporation\NVIDIA NvDLISR;C:\Program Files\dotnet\;C:\Program Files\Microsoft SQL Server\130\Tools\Binn\;C:\Program Files\Microsoft SQL Server\Client SDK\ODBC\130\Tools\Binn\;C:\Program Files (x86)\Microsoft SQL Server\140\Tools\Binn\;C:\Program Files\Microsoft SQL Server\140\Tools\Binn\;C:\Program Files\Microsoft SQL Server\140\DTS\Binn\;C:\WINDOWS\system32;C:\WINDOWS;C:\WINDOWS\System32\Wbem;C:\WINDOWS\System32\WindowsPowerShell\v1.0\;C:\WINDOWS\System32\OpenSSH\;C:\TDM-GCC-64\bin;C:\TDM-GCC-64\bin;D:\Qt\Tools\mingw530_32\bin;D:\opencv-build\openbuild\install\x86\mingw\bin;D:\opencv-build\openbuild\install\include;C:\Program Files\Microsoft SQL Server\Client SDK\ODBC\170\Tools\Binn\;C:\Users\Nicolas\AppData\Local\Microsoft\WindowsApps;C:\Users\Nicolas\AppData\Local\atom\bin;C:\Users\Nicolas\AppData\Local\GitHubDesktop\bin;D:\Program Files\DrMemory\bin\;%USERPROFILE%\AppData\Local\Microsoft\WindowsApps;;C:\WINDOWS\System32;
USERNAME=Nicolas
OS=Windows_NT
PROCESSOR_IDENTIFIER=Intel64 Family 6 Model 158 Stepping 9, GenuineIntel



---------------  S Y S T E M  ---------------

OS: Windows 10 , 64 bit Build 18362 (10.0.18362.329)

CPU:total 4 (initial active 4) (4 cores per cpu, 1 threads per core) family 6 model 158 stepping 9, cmov, cx8, fxsr, mmx, sse, sse2, sse3, ssse3, sse4.1, sse4.2, popcnt, avx, avx2, aes, clmul, erms, 3dnowpref, lzcnt, tsc, tscinvbit, bmi1, bmi2, adx, fma

Memory: 4k page, system-wide physical 8084M (1009M free)
TotalPageFile size 23187M (AvailPageFile size 14M)
current process WorkingSet (physical memory assigned to process): 9M, peak: 9M
current process commit charge ("private bytes"): 52M, peak: 179M

vm_info: Java HotSpot(TM) 64-Bit Server VM (12.0.2+10) for windows-amd64 JRE (12.0.2+10), built on Jul 16 2019 01:56:17 by "mach5one" with MS VC++ 15.5 (VS2017)

END.
