#
# There is insufficient memory for the Java Runtime Environment to continue.
# Native memory allocation (malloc) failed to allocate 1048576 bytes for AllocateHeap
# Possible reasons:
#   The system is out of physical RAM or swap space
#   The process is running with CompressedOops enabled, and the Java Heap may be blocking the growth of the native heap
# Possible solutions:
#   Reduce memory load on the system
#   Increase physical memory or swap space
#   Check if swap backing store is full
#   Decrease Java heap size (-Xmx/-Xms)
#   Decrease number of Java threads
#   Decrease Java thread stack sizes (-Xss)
#   Set larger code cache with -XX:ReservedCodeCacheSize=
#   JVM is running with Unscaled Compressed Oops mode in which the Java heap is
#     placed in the first 4GB address space. The Java Heap base address is the
#     maximum limit for the native heap growth. Please use -XX:HeapBaseMinAddress
#     to set the Java Heap base and to place the Java Heap above 4GB virtual address.
# This output file may be truncated or incomplete.
#
#  Out of Memory Error (t:/workspace/open/src/hotspot/share/memory/allocation.cpp:46), pid=20632, tid=22196
#
# JRE version: Java(TM) SE Runtime Environment (12.0.2+10) (build 12.0.2+10)
# Java VM: Java HotSpot(TM) 64-Bit Server VM (12.0.2+10, mixed mode, sharing, tiered, compressed oops, g1 gc, windows-amd64)
# No core dump will be written. Minidumps are not enabled by default on client versions of Windows
#

---------------  S U M M A R Y ------------

Command Line: --module-path=D:\javaFX\javafx-sdk-13.0.1\lib --add-modules=javafx.controls,javafx.fxml -Dfile.encoding=Cp1252 Game.Main

Host: Intel(R) Core(TM) i5-7300HQ CPU @ 2.50GHz, 4 cores, 7G,  Windows 10 , 64 bit Build 18362 (10.0.18362.329)
Time: Sun Jan  5 19:21:30 2020 Paris, Madrid elapsed time: 0 seconds (0d 0h 0m 0s)

---------------  T H R E A D  ---------------

Current thread (0x0000016cd1849000):  VMThread "VM Thread" [stack: 0x0000003a82a00000,0x0000003a82b00000] [id=22196]

Stack: [0x0000003a82a00000,0x0000003a82b00000]
[error occurred during error reporting (printing stack bounds), id 0xc0000005, EXCEPTION_ACCESS_VIOLATION (0xc0000005) at pc=0x0000016cbb850bad]

Native frames: (J=compiled Java code, j=interpreted, Vv=VM code, C=native code)
V  [jvm.dll+0x63aa2a]
V  [jvm.dll+0x78ce1e]
V  [jvm.dll+0x78e4c1]
V  [jvm.dll+0x78ea75]
V  [jvm.dll+0x78ea2b]
V  [jvm.dll+0x63a134]
V  [jvm.dll+0x63a4f8]
C  [ntdll.dll+0xa11ff]
C  [ntdll.dll+0x6a289]
C  [ntdll.dll+0x9fe6e]
C  0x0000016cbb850bad

VM_Operation (0x0000003a824fad10): CollectForMetadataAllocation, mode: safepoint, requested by thread 0x0000016cb3447000


---------------  P R O C E S S  ---------------

Threads class SMR info:
_java_thread_list=0x0000016cd33c65f0, length=14, elements={
0x0000016cb3447000, 0x0000016cd184e800, 0x0000016cd1851000, 0x0000016cd1872000,
0x0000016cd1874000, 0x0000016cd1875800, 0x0000016cd188c000, 0x0000016cd2214800,
0x0000016cd22dc800, 0x0000016cd236e000, 0x0000016cd25ee000, 0x0000016cd2f3c000,
0x0000016cd37c8800, 0x0000016cd33f5000
}

Java Threads: ( => current thread )
  0x0000016cb3447000 JavaThread "main" [_thread_blocked, id=20944, stack(0x0000003a82400000,0x0000003a82500000)]
  0x0000016cd184e800 JavaThread "Reference Handler" daemon [_thread_blocked, id=22760, stack(0x0000003a82b00000,0x0000003a82c00000)]
  0x0000016cd1851000 JavaThread "Finalizer" daemon [_thread_blocked, id=19704, stack(0x0000003a82c00000,0x0000003a82d00000)]
  0x0000016cd1872000 JavaThread "Signal Dispatcher" daemon [_thread_blocked, id=22836, stack(0x0000003a82d00000,0x0000003a82e00000)]
  0x0000016cd1874000 JavaThread "Attach Listener" daemon [_thread_blocked, id=21568, stack(0x0000003a82e00000,0x0000003a82f00000)]
  0x0000016cd1875800 JavaThread "C2 CompilerThread0" daemon [_thread_blocked, id=20600, stack(0x0000003a82f00000,0x0000003a83000000)]
  0x0000016cd188c000 JavaThread "C1 CompilerThread0" daemon [_thread_blocked, id=5256, stack(0x0000003a83000000,0x0000003a83100000)]
  0x0000016cd2214800 JavaThread "Sweeper thread" daemon [_thread_blocked, id=17220, stack(0x0000003a83100000,0x0000003a83200000)]
  0x0000016cd22dc800 JavaThread "Common-Cleaner" daemon [_thread_blocked, id=22876, stack(0x0000003a83200000,0x0000003a83300000)]
  0x0000016cd236e000 JavaThread "C2 CompilerThread1" daemon [_thread_blocked, id=20700, stack(0x0000003a83300000,0x0000003a83400000)]
  0x0000016cd25ee000 JavaThread "Service Thread" daemon [_thread_blocked, id=22692, stack(0x0000003a83400000,0x0000003a83500000)]
  0x0000016cd2f3c000 JavaThread "QuantumRenderer-0" daemon [_thread_blocked, id=3100, stack(0x0000003a83600000,0x0000003a83700000)]
  0x0000016cd37c8800 JavaThread "InvokeLaterDispatcher" daemon [_thread_blocked, id=4788, stack(0x0000003a83800000,0x0000003a83900000)]
  0x0000016cd33f5000 JavaThread "JavaFX Application Thread" [_thread_in_native, id=21768, stack(0x0000003a83900000,0x0000003a83a00000)]

Other Threads:
=>0x0000016cd1849000 VMThread "VM Thread" [stack: 0x0000003a82a00000,0x0000003a82b00000] [id=22196]
  0x0000016cd2612800 WatcherThread [stack: 0x0000003a83500000,0x0000003a83600000] [id=22304]
  0x0000016cb3488000 GCTaskThread "GC Thread#0" [stack: 0x0000003a82500000,0x0000003a82600000] [id=7276]
  0x0000016cd2d35800 GCTaskThread "GC Thread#1" [stack: 0x0000003a83b00000,0x0000003a83c00000] [id=22912]
  0x0000016cd2f9d800 GCTaskThread "GC Thread#2" [stack: 0x0000003a83c00000,0x0000003a83d00000] [id=18920]
  0x0000016cd2f91800 GCTaskThread "GC Thread#3" [stack: 0x0000003a83d00000,0x0000003a83e00000] [id=21712]
  0x0000016cb3495800 ConcurrentGCThread "G1 Main Marker" [stack: 0x0000003a82600000,0x0000003a82700000] [id=20444]
  0x0000016cb3498000 ConcurrentGCThread "G1 Conc#0" [stack: 0x0000003a82700000,0x0000003a82800000] [id=16780]
  0x0000016cb3517000 ConcurrentGCThread "G1 Refine#0" [stack: 0x0000003a82800000,0x0000003a82900000] [id=22756]
  0x0000016cb3518000 ConcurrentGCThread "G1 Young RemSet Sampling" [stack: 0x0000003a82900000,0x0000003a82a00000] [id=22768]

Threads with active compile tasks:

VM state:at safepoint (normal execution)

VM Mutex/Monitor currently owned by a thread:  ([mutex/lock_event])
[0x0000016cb34441b0] Threads_lock - owner thread: 0x0000016cd1849000
[0x0000016cb3443430] Heap_lock - owner thread: 0x0000016cb3447000

Heap address: 0x0000000081a00000, size: 2022 MB, Compressed Oops mode: 32-bit
Narrow klass base: 0x0000000800000000, Narrow klass shift: 3
Compressed class space size: 1073741824 Address: 0x0000000801190000

Heap:
 garbage-first heap   total 131072K, used 2656K [0x0000000081a00000, 0x0000000100000000)
  region size 1024K, 3 young (3072K), 3 survivors (3072K)
 Metaspace       used 4091K, capacity 7157K, committed 7296K, reserved 1069056K
  class space    used 450K, capacity 780K, committed 896K, reserved 1048576K
Heap Regions: E=young(eden), S=young(survivor), O=old, HS=humongous(starts), HC=humongous(continues), CS=collection set, F=free, A=archive, TAMS=top-at-mark-start (previous, next)
|   0|0x0000000081a00000, 0x0000000081a00000, 0x0000000081b00000|  0%| F|  |TAMS 0x0000000081a00000, 0x0000000081a00000| Untracked 
|   1|0x0000000081b00000, 0x0000000081b00000, 0x0000000081c00000|  0%| F|  |TAMS 0x0000000081b00000, 0x0000000081b00000| Untracked 
|   2|0x0000000081c00000, 0x0000000081c00000, 0x0000000081d00000|  0%| F|  |TAMS 0x0000000081c00000, 0x0000000081c00000| Untracked 
|   3|0x0000000081d00000, 0x0000000081d00000, 0x0000000081e00000|  0%| F|  |TAMS 0x0000000081d00000, 0x0000000081d00000| Untracked 
|   4|0x0000000081e00000, 0x0000000081e00000, 0x0000000081f00000|  0%| F|  |TAMS 0x0000000081e00000, 0x0000000081e00000| Untracked 
|   5|0x0000000081f00000, 0x0000000081f00000, 0x0000000082000000|  0%| F|  |TAMS 0x0000000081f00000, 0x0000000081f00000| Untracked 
|   6|0x0000000082000000, 0x0000000082000000, 0x0000000082100000|  0%| F|  |TAMS 0x0000000082000000, 0x0000000082000000| Untracked 
|   7|0x0000000082100000, 0x0000000082100000, 0x0000000082200000|  0%| F|  |TAMS 0x0000000082100000, 0x0000000082100000| Untracked 
|   8|0x0000000082200000, 0x0000000082200000, 0x0000000082300000|  0%| F|  |TAMS 0x0000000082200000, 0x0000000082200000| Untracked 
|   9|0x0000000082300000, 0x0000000082300000, 0x0000000082400000|  0%| F|  |TAMS 0x0000000082300000, 0x0000000082300000| Untracked 
|  10|0x0000000082400000, 0x0000000082400000, 0x0000000082500000|  0%| F|  |TAMS 0x0000000082400000, 0x0000000082400000| Untracked 
|  11|0x0000000082500000, 0x0000000082500000, 0x0000000082600000|  0%| F|  |TAMS 0x0000000082500000, 0x0000000082500000| Untracked 
|  12|0x0000000082600000, 0x0000000082600000, 0x0000000082700000|  0%| F|  |TAMS 0x0000000082600000, 0x0000000082600000| Untracked 
|  13|0x0000000082700000, 0x0000000082700000, 0x0000000082800000|  0%| F|  |TAMS 0x0000000082700000, 0x0000000082700000| Untracked 
|  14|0x0000000082800000, 0x0000000082800000, 0x0000000082900000|  0%| F|  |TAMS 0x0000000082800000, 0x0000000082800000| Untracked 
|  15|0x0000000082900000, 0x0000000082900000, 0x0000000082a00000|  0%| F|  |TAMS 0x0000000082900000, 0x0000000082900000| Untracked 
|  16|0x0000000082a00000, 0x0000000082a00000, 0x0000000082b00000|  0%| F|  |TAMS 0x0000000082a00000, 0x0000000082a00000| Untracked 
|  17|0x0000000082b00000, 0x0000000082b00000, 0x0000000082c00000|  0%| F|  |TAMS 0x0000000082b00000, 0x0000000082b00000| Untracked 
|  18|0x0000000082c00000, 0x0000000082c00000, 0x0000000082d00000|  0%| F|  |TAMS 0x0000000082c00000, 0x0000000082c00000| Untracked 
|  19|0x0000000082d00000, 0x0000000082d00000, 0x0000000082e00000|  0%| F|  |TAMS 0x0000000082d00000, 0x0000000082d00000| Untracked 
|  20|0x0000000082e00000, 0x0000000082e00000, 0x0000000082f00000|  0%| F|  |TAMS 0x0000000082e00000, 0x0000000082e00000| Untracked 
|  21|0x0000000082f00000, 0x0000000082f00000, 0x0000000083000000|  0%| F|  |TAMS 0x0000000082f00000, 0x0000000082f00000| Untracked 
|  22|0x0000000083000000, 0x0000000083000000, 0x0000000083100000|  0%| F|  |TAMS 0x0000000083000000, 0x0000000083000000| Untracked 
|  23|0x0000000083100000, 0x0000000083100000, 0x0000000083200000|  0%| F|  |TAMS 0x0000000083100000, 0x0000000083100000| Untracked 
|  24|0x0000000083200000, 0x0000000083200000, 0x0000000083300000|  0%| F|  |TAMS 0x0000000083200000, 0x0000000083200000| Untracked 
|  25|0x0000000083300000, 0x0000000083300000, 0x0000000083400000|  0%| F|  |TAMS 0x0000000083300000, 0x0000000083300000| Untracked 
|  26|0x0000000083400000, 0x0000000083400000, 0x0000000083500000|  0%| F|  |TAMS 0x0000000083400000, 0x0000000083400000| Untracked 
|  27|0x0000000083500000, 0x0000000083500000, 0x0000000083600000|  0%| F|  |TAMS 0x0000000083500000, 0x0000000083500000| Untracked 
|  28|0x0000000083600000, 0x0000000083600000, 0x0000000083700000|  0%| F|  |TAMS 0x0000000083600000, 0x0000000083600000| Untracked 
|  29|0x0000000083700000, 0x0000000083700000, 0x0000000083800000|  0%| F|  |TAMS 0x0000000083700000, 0x0000000083700000| Untracked 
|  30|0x0000000083800000, 0x0000000083800000, 0x0000000083900000|  0%| F|  |TAMS 0x0000000083800000, 0x0000000083800000| Untracked 
|  31|0x0000000083900000, 0x0000000083900000, 0x0000000083a00000|  0%| F|  |TAMS 0x0000000083900000, 0x0000000083900000| Untracked 
|  32|0x0000000083a00000, 0x0000000083a00000, 0x0000000083b00000|  0%| F|  |TAMS 0x0000000083a00000, 0x0000000083a00000| Untracked 
|  33|0x0000000083b00000, 0x0000000083b00000, 0x0000000083c00000|  0%| F|  |TAMS 0x0000000083b00000, 0x0000000083b00000| Untracked 
|  34|0x0000000083c00000, 0x0000000083c00000, 0x0000000083d00000|  0%| F|  |TAMS 0x0000000083c00000, 0x0000000083c00000| Untracked 
|  35|0x0000000083d00000, 0x0000000083d00000, 0x0000000083e00000|  0%| F|  |TAMS 0x0000000083d00000, 0x0000000083d00000| Untracked 
|  36|0x0000000083e00000, 0x0000000083e00000, 0x0000000083f00000|  0%| F|  |TAMS 0x0000000083e00000, 0x0000000083e00000| Untracked 
|  37|0x0000000083f00000, 0x0000000083f00000, 0x0000000084000000|  0%| F|  |TAMS 0x0000000083f00000, 0x0000000083f00000| Untracked 
|  38|0x0000000084000000, 0x0000000084000000, 0x0000000084100000|  0%| F|  |TAMS 0x0000000084000000, 0x0000000084000000| Untracked 
|  39|0x0000000084100000, 0x0000000084100000, 0x0000000084200000|  0%| F|  |TAMS 0x0000000084100000, 0x0000000084100000| Untracked 
|  40|0x0000000084200000, 0x0000000084200000, 0x0000000084300000|  0%| F|  |TAMS 0x0000000084200000, 0x0000000084200000| Untracked 
|  41|0x0000000084300000, 0x0000000084300000, 0x0000000084400000|  0%| F|  |TAMS 0x0000000084300000, 0x0000000084300000| Untracked 
|  42|0x0000000084400000, 0x0000000084400000, 0x0000000084500000|  0%| F|  |TAMS 0x0000000084400000, 0x0000000084400000| Untracked 
|  43|0x0000000084500000, 0x0000000084500000, 0x0000000084600000|  0%| F|  |TAMS 0x0000000084500000, 0x0000000084500000| Untracked 
|  44|0x0000000084600000, 0x0000000084600000, 0x0000000084700000|  0%| F|  |TAMS 0x0000000084600000, 0x0000000084600000| Untracked 
|  45|0x0000000084700000, 0x0000000084700000, 0x0000000084800000|  0%| F|  |TAMS 0x0000000084700000, 0x0000000084700000| Untracked 
|  46|0x0000000084800000, 0x0000000084800000, 0x0000000084900000|  0%| F|  |TAMS 0x0000000084800000, 0x0000000084800000| Untracked 
|  47|0x0000000084900000, 0x0000000084900000, 0x0000000084a00000|  0%| F|  |TAMS 0x0000000084900000, 0x0000000084900000| Untracked 
|  48|0x0000000084a00000, 0x0000000084a00000, 0x0000000084b00000|  0%| F|  |TAMS 0x0000000084a00000, 0x0000000084a00000| Untracked 
|  49|0x0000000084b00000, 0x0000000084b00000, 0x0000000084c00000|  0%| F|  |TAMS 0x0000000084b00000, 0x0000000084b00000| Untracked 
|  50|0x0000000084c00000, 0x0000000084c00000, 0x0000000084d00000|  0%| F|  |TAMS 0x0000000084c00000, 0x0000000084c00000| Untracked 
|  51|0x0000000084d00000, 0x0000000084d00000, 0x0000000084e00000|  0%| F|  |TAMS 0x0000000084d00000, 0x0000000084d00000| Untracked 
|  52|0x0000000084e00000, 0x0000000084e00000, 0x0000000084f00000|  0%| F|  |TAMS 0x0000000084e00000, 0x0000000084e00000| Untracked 
|  53|0x0000000084f00000, 0x0000000084f00000, 0x0000000085000000|  0%| F|  |TAMS 0x0000000084f00000, 0x0000000084f00000| Untracked 
|  54|0x0000000085000000, 0x0000000085000000, 0x0000000085100000|  0%| F|  |TAMS 0x0000000085000000, 0x0000000085000000| Untracked 
|  55|0x0000000085100000, 0x0000000085100000, 0x0000000085200000|  0%| F|  |TAMS 0x0000000085100000, 0x0000000085100000| Untracked 
|  56|0x0000000085200000, 0x0000000085200000, 0x0000000085300000|  0%| F|  |TAMS 0x0000000085200000, 0x0000000085200000| Untracked 
|  57|0x0000000085300000, 0x0000000085300000, 0x0000000085400000|  0%| F|  |TAMS 0x0000000085300000, 0x0000000085300000| Untracked 
|  58|0x0000000085400000, 0x0000000085400000, 0x0000000085500000|  0%| F|  |TAMS 0x0000000085400000, 0x0000000085400000| Untracked 
|  59|0x0000000085500000, 0x0000000085500000, 0x0000000085600000|  0%| F|  |TAMS 0x0000000085500000, 0x0000000085500000| Untracked 
|  60|0x0000000085600000, 0x0000000085600000, 0x0000000085700000|  0%| F|  |TAMS 0x0000000085600000, 0x0000000085600000| Untracked 
|  61|0x0000000085700000, 0x0000000085700000, 0x0000000085800000|  0%| F|  |TAMS 0x0000000085700000, 0x0000000085700000| Untracked 
|  62|0x0000000085800000, 0x0000000085800000, 0x0000000085900000|  0%| F|  |TAMS 0x0000000085800000, 0x0000000085800000| Untracked 
|  63|0x0000000085900000, 0x0000000085900000, 0x0000000085a00000|  0%| F|  |TAMS 0x0000000085900000, 0x0000000085900000| Untracked 
|  64|0x0000000085a00000, 0x0000000085a00000, 0x0000000085b00000|  0%| F|  |TAMS 0x0000000085a00000, 0x0000000085a00000| Untracked 
|  65|0x0000000085b00000, 0x0000000085b00000, 0x0000000085c00000|  0%| F|  |TAMS 0x0000000085b00000, 0x0000000085b00000| Untracked 
|  66|0x0000000085c00000, 0x0000000085c00000, 0x0000000085d00000|  0%| F|  |TAMS 0x0000000085c00000, 0x0000000085c00000| Untracked 
|  67|0x0000000085d00000, 0x0000000085d00000, 0x0000000085e00000|  0%| F|  |TAMS 0x0000000085d00000, 0x0000000085d00000| Untracked 
|  68|0x0000000085e00000, 0x0000000085e00000, 0x0000000085f00000|  0%| F|  |TAMS 0x0000000085e00000, 0x0000000085e00000| Untracked 
|  69|0x0000000085f00000, 0x0000000085f00000, 0x0000000086000000|  0%| F|  |TAMS 0x0000000085f00000, 0x0000000085f00000| Untracked 
|  70|0x0000000086000000, 0x0000000086000000, 0x0000000086100000|  0%| F|  |TAMS 0x0000000086000000, 0x0000000086000000| Untracked 
|  71|0x0000000086100000, 0x0000000086100000, 0x0000000086200000|  0%| F|  |TAMS 0x0000000086100000, 0x0000000086100000| Untracked 
|  72|0x0000000086200000, 0x0000000086200000, 0x0000000086300000|  0%| F|  |TAMS 0x0000000086200000, 0x0000000086200000| Untracked 
|  73|0x0000000086300000, 0x0000000086300000, 0x0000000086400000|  0%| F|  |TAMS 0x0000000086300000, 0x0000000086300000| Untracked 
|  74|0x0000000086400000, 0x0000000086400000, 0x0000000086500000|  0%| F|  |TAMS 0x0000000086400000, 0x0000000086400000| Untracked 
|  75|0x0000000086500000, 0x0000000086500000, 0x0000000086600000|  0%| F|  |TAMS 0x0000000086500000, 0x0000000086500000| Untracked 
|  76|0x0000000086600000, 0x0000000086600000, 0x0000000086700000|  0%| F|  |TAMS 0x0000000086600000, 0x0000000086600000| Untracked 
|  77|0x0000000086700000, 0x0000000086700000, 0x0000000086800000|  0%| F|  |TAMS 0x0000000086700000, 0x0000000086700000| Untracked 
|  78|0x0000000086800000, 0x0000000086800000, 0x0000000086900000|  0%| F|  |TAMS 0x0000000086800000, 0x0000000086800000| Untracked 
|  79|0x0000000086900000, 0x0000000086900000, 0x0000000086a00000|  0%| F|  |TAMS 0x0000000086900000, 0x0000000086900000| Untracked 
|  80|0x0000000086a00000, 0x0000000086a00000, 0x0000000086b00000|  0%| F|  |TAMS 0x0000000086a00000, 0x0000000086a00000| Untracked 
|  81|0x0000000086b00000, 0x0000000086b00000, 0x0000000086c00000|  0%| F|  |TAMS 0x0000000086b00000, 0x0000000086b00000| Untracked 
|  82|0x0000000086c00000, 0x0000000086c00000, 0x0000000086d00000|  0%| F|  |TAMS 0x0000000086c00000, 0x0000000086c00000| Untracked 
|  83|0x0000000086d00000, 0x0000000086d00000, 0x0000000086e00000|  0%| F|  |TAMS 0x0000000086d00000, 0x0000000086d00000| Untracked 
|  84|0x0000000086e00000, 0x0000000086e00000, 0x0000000086f00000|  0%| F|  |TAMS 0x0000000086e00000, 0x0000000086e00000| Untracked 
|  85|0x0000000086f00000, 0x0000000086f00000, 0x0000000087000000|  0%| F|  |TAMS 0x0000000086f00000, 0x0000000086f00000| Untracked 
|  86|0x0000000087000000, 0x0000000087000000, 0x0000000087100000|  0%| F|  |TAMS 0x0000000087000000, 0x0000000087000000| Untracked 
|  87|0x0000000087100000, 0x0000000087100000, 0x0000000087200000|  0%| F|  |TAMS 0x0000000087100000, 0x0000000087100000| Untracked 
|  88|0x0000000087200000, 0x0000000087200000, 0x0000000087300000|  0%| F|  |TAMS 0x0000000087200000, 0x0000000087200000| Untracked 
|  89|0x0000000087300000, 0x0000000087300000, 0x0000000087400000|  0%| F|  |TAMS 0x0000000087300000, 0x0000000087300000| Untracked 
|  90|0x0000000087400000, 0x0000000087400000, 0x0000000087500000|  0%| F|  |TAMS 0x0000000087400000, 0x0000000087400000| Untracked 
|  91|0x0000000087500000, 0x0000000087500000, 0x0000000087600000|  0%| F|  |TAMS 0x0000000087500000, 0x0000000087500000| Untracked 
|  92|0x0000000087600000, 0x0000000087600000, 0x0000000087700000|  0%| F|  |TAMS 0x0000000087600000, 0x0000000087600000| Untracked 
|  93|0x0000000087700000, 0x0000000087700000, 0x0000000087800000|  0%| F|  |TAMS 0x0000000087700000, 0x0000000087700000| Untracked 
|  94|0x0000000087800000, 0x0000000087800000, 0x0000000087900000|  0%| F|  |TAMS 0x0000000087800000, 0x0000000087800000| Untracked 
|  95|0x0000000087900000, 0x0000000087900000, 0x0000000087a00000|  0%| F|  |TAMS 0x0000000087900000, 0x0000000087900000| Untracked 
|  96|0x0000000087a00000, 0x0000000087a00000, 0x0000000087b00000|  0%| F|  |TAMS 0x0000000087a00000, 0x0000000087a00000| Untracked 
|  97|0x0000000087b00000, 0x0000000087b00000, 0x0000000087c00000|  0%| F|  |TAMS 0x0000000087b00000, 0x0000000087b00000| Untracked 
|  98|0x0000000087c00000, 0x0000000087c00000, 0x0000000087d00000|  0%| F|  |TAMS 0x0000000087c00000, 0x0000000087c00000| Untracked 
|  99|0x0000000087d00000, 0x0000000087d00000, 0x0000000087e00000|  0%| F|  |TAMS 0x0000000087d00000, 0x0000000087d00000| Untracked 
| 100|0x0000000087e00000, 0x0000000087e00000, 0x0000000087f00000|  0%| F|  |TAMS 0x0000000087e00000, 0x0000000087e00000| Untracked 
| 101|0x0000000087f00000, 0x0000000087f00000, 0x0000000088000000|  0%| F|  |TAMS 0x0000000087f00000, 0x0000000087f00000| Untracked 
| 102|0x0000000088000000, 0x0000000088000000, 0x0000000088100000|  0%| F|  |TAMS 0x0000000088000000, 0x0000000088000000| Untracked 
| 103|0x0000000088100000, 0x0000000088100000, 0x0000000088200000|  0%| F|  |TAMS 0x0000000088100000, 0x0000000088100000| Untracked 
| 104|0x0000000088200000, 0x0000000088200000, 0x0000000088300000|  0%| F|  |TAMS 0x0000000088200000, 0x0000000088200000| Untracked 
| 105|0x0000000088300000, 0x0000000088300000, 0x0000000088400000|  0%| F|  |TAMS 0x0000000088300000, 0x0000000088300000| Untracked 
| 106|0x0000000088400000, 0x0000000088400000, 0x0000000088500000|  0%| F|  |TAMS 0x0000000088400000, 0x0000000088400000| Untracked 
| 107|0x0000000088500000, 0x0000000088500000, 0x0000000088600000|  0%| F|  |TAMS 0x0000000088500000, 0x0000000088500000| Untracked 
| 108|0x0000000088600000, 0x0000000088600000, 0x0000000088700000|  0%| F|  |TAMS 0x0000000088600000, 0x0000000088600000| Untracked 
| 109|0x0000000088700000, 0x0000000088700000, 0x0000000088800000|  0%| F|  |TAMS 0x0000000088700000, 0x0000000088700000| Untracked 
| 110|0x0000000088800000, 0x0000000088800000, 0x0000000088900000|  0%| F|  |TAMS 0x0000000088800000, 0x0000000088800000| Untracked 
| 111|0x0000000088900000, 0x0000000088900000, 0x0000000088a00000|  0%| F|  |TAMS 0x0000000088900000, 0x0000000088900000| Untracked 
| 112|0x0000000088a00000, 0x0000000088a00000, 0x0000000088b00000|  0%| F|  |TAMS 0x0000000088a00000, 0x0000000088a00000| Untracked 
| 113|0x0000000088b00000, 0x0000000088b00000, 0x0000000088c00000|  0%| F|  |TAMS 0x0000000088b00000, 0x0000000088b00000| Untracked 
| 114|0x0000000088c00000, 0x0000000088c00000, 0x0000000088d00000|  0%| F|  |TAMS 0x0000000088c00000, 0x0000000088c00000| Untracked 
| 115|0x0000000088d00000, 0x0000000088d00000, 0x0000000088e00000|  0%| F|  |TAMS 0x0000000088d00000, 0x0000000088d00000| Untracked 
| 116|0x0000000088e00000, 0x0000000088e00000, 0x0000000088f00000|  0%| F|  |TAMS 0x0000000088e00000, 0x0000000088e00000| Untracked 
| 117|0x0000000088f00000, 0x0000000088f00000, 0x0000000089000000|  0%| F|  |TAMS 0x0000000088f00000, 0x0000000088f00000| Untracked 
| 118|0x0000000089000000, 0x0000000089000000, 0x0000000089100000|  0%| F|  |TAMS 0x0000000089000000, 0x0000000089000000| Untracked 
| 119|0x0000000089100000, 0x0000000089100000, 0x0000000089200000|  0%| F|  |TAMS 0x0000000089100000, 0x0000000089100000| Untracked 
| 120|0x0000000089200000, 0x0000000089298120, 0x0000000089300000| 59%| S|CS|TAMS 0x0000000089200000, 0x0000000089200000| Complete 
| 121|0x0000000089300000, 0x0000000089400000, 0x0000000089400000|100%| S|CS|TAMS 0x0000000089300000, 0x0000000089300000| Complete 
| 122|0x0000000089400000, 0x0000000089500000, 0x0000000089500000|100%| S|CS|TAMS 0x0000000089400000, 0x0000000089400000| Complete 
| 123|0x0000000089500000, 0x0000000089500000, 0x0000000089600000|  0%| F|  |TAMS 0x0000000089500000, 0x0000000089500000| Untracked 
| 124|0x0000000089600000, 0x0000000089600000, 0x0000000089700000|  0%| F|  |TAMS 0x0000000089600000, 0x0000000089600000| Untracked 
| 125|0x0000000089700000, 0x0000000089700000, 0x0000000089800000|  0%| F|  |TAMS 0x0000000089700000, 0x0000000089700000| Untracked 
| 126|0x0000000089800000, 0x0000000089800000, 0x0000000089900000|  0%| F|  |TAMS 0x0000000089800000, 0x0000000089800000| Untracked 
| 127|0x0000000089900000, 0x0000000089900000, 0x0000000089a00000|  0%| F|  |TAMS 0x0000000089900000, 0x0000000089900000| Untracked 

Card table byte_map: [0x0000016ccac50000,0x0000016ccb050000] _byte_map_base: 0x0000016cca843000

Marking Bits (Prev, Next): (CMBitMap*) 0x0000016cb34890e8, (CMBitMap*) 0x0000016cb3489128
 Prev Bits: [0x0000016ccb450000, 0x0000016ccd3e8000)
 Next Bits: [0x0000016ccd3f0000, 0x0000016ccf388000)

Polling page: 0x0000016cb15e0000

Metaspace:

Usage:
  Non-class:      6.23 MB capacity,     3.56 MB ( 57%) used,     2.65 MB ( 43%) free+waste,    20.38 KB ( <1%) overhead. 
      Class:    780.00 KB capacity,   450.28 KB ( 58%) used,   318.72 KB ( 41%) free+waste,    11.00 KB (  1%) overhead. 
       Both:      6.99 MB capacity,     4.00 MB ( 57%) used,     2.96 MB ( 42%) free+waste,    31.38 KB ( <1%) overhead. 

Virtual space:
  Non-class space:       20.00 MB reserved,       6.25 MB ( 31%) committed 
      Class space:        1.00 GB reserved,     896.00 KB ( <1%) committed 
             Both:        1.02 GB reserved,       7.13 MB ( <1%) committed 

Chunk freelists:
   Non-Class:  2.88 KB
       Class:  2.50 KB
        Both:  5.38 KB

CodeHeap 'non-profiled nmethods': size=120064Kb used=268Kb max_used=268Kb free=119795Kb
 bounds [0x0000016cc3310000, 0x0000016cc3580000, 0x0000016cca850000]
CodeHeap 'profiled nmethods': size=120000Kb used=1216Kb max_used=1216Kb free=118783Kb
 bounds [0x0000016cbbde0000, 0x0000016cbc050000, 0x0000016cc3310000]
CodeHeap 'non-nmethods': size=5696Kb used=1150Kb max_used=1177Kb free=4545Kb
 bounds [0x0000016cbb850000, 0x0000016cbbac0000, 0x0000016cbbde0000]
 total_blobs=1445 nmethods=798 adapters=382
 compilation: enabled
              stopped_count=0, restarted_count=0
 full_count=0

Compilation events (10 events):
Event: 0.468 Thread 0x0000016cd188c000  795       3       java.security.CodeSource::matchCerts (254 bytes)
Event: 0.468 Thread 0x0000016cd188c000 nmethod 795 0x0000016cbbf0ea90 code [0x0000016cbbf0ed00, 0x0000016cbbf0f8e0]
Event: 0.474 Thread 0x0000016cd188c000  798       3       java.io.WinNTFileSystem::isSlash (18 bytes)
Event: 0.474 Thread 0x0000016cd188c000 nmethod 798 0x0000016cbbf0fd10 code [0x0000016cbbf0fec0, 0x0000016cbbf100d8]
Event: 0.479 Thread 0x0000016cd236e000 nmethod 777 0x0000016cc334f110 code [0x0000016cc334f320, 0x0000016cc3350638]
Event: 0.480 Thread 0x0000016cd236e000  796       4       java.util.zip.ZipUtils::CENSIG (8 bytes)
Event: 0.480 Thread 0x0000016cd236e000 nmethod 796 0x0000016cc3351010 code [0x0000016cc33511a0, 0x0000016cc3351278]
Event: 0.480 Thread 0x0000016cd236e000  797       4       java.util.zip.ZipFile$Source::isMetaName (141 bytes)
Event: 0.481 Thread 0x0000016cd1875800 nmethod 793 0x0000016cc3351390 code [0x0000016cc33515c0, 0x0000016cc3352638]
Event: 0.482 Thread 0x0000016cd236e000 nmethod 797 0x0000016cc3352e90 code [0x0000016cc3353020, 0x0000016cc3353198]

GC Heap History (4 events):
Event: 0.447 GC heap before
{Heap before GC invocations=0 (full 0):
 garbage-first heap   total 131072K, used 13312K [0x0000000081a00000, 0x0000000100000000)
  region size 1024K, 14 young (14336K), 0 survivors (0K)
 Metaspace       used 3320K, capacity 6486K, committed 6656K, reserved 1056768K
  class space    used 370K, capacity 704K, committed 768K, reserved 1048576K
}
Event: 0.450 GC heap after
{Heap after GC invocations=1 (full 0):
 garbage-first heap   total 131072K, used 1819K [0x0000000081a00000, 0x0000000100000000)
  region size 1024K, 2 young (2048K), 2 survivors (2048K)
 Metaspace       used 3320K, capacity 6486K, committed 6656K, reserved 1056768K
  class space    used 370K, capacity 704K, committed 768K, reserved 1048576K
}
Event: 0.483 GC heap before
{Heap before GC invocations=1 (full 0):
 garbage-first heap   total 131072K, used 5915K [0x0000000081a00000, 0x0000000100000000)
  region size 1024K, 7 young (7168K), 2 survivors (2048K)
 Metaspace       used 4091K, capacity 7157K, committed 7296K, reserved 1067008K
  class space    used 450K, capacity 780K, committed 896K, reserved 1048576K
}
Event: 0.484 GC heap after
{Heap after GC invocations=2 (full 0):
 garbage-first heap   total 131072K, used 2656K [0x0000000081a00000, 0x0000000100000000)
  region size 1024K, 3 young (3072K), 3 survivors (3072K)
 Metaspace       used 4091K, capacity 7157K, committed 7296K, reserved 1067008K
  class space    used 450K, capacity 780K, committed 896K, reserved 1048576K
}

Deoptimization events (8 events):
Event: 0.125 Thread 0x0000016cb3447000 Uncommon trap: reason=unstable_if action=reinterpret pc=0x0000016cc331e8b0 method=java.lang.CharacterDataLatin1.isJavaIdentifierPart(I)Z @ 11 c2
Event: 0.160 Thread 0x0000016cb3447000 Uncommon trap: reason=unstable_if action=reinterpret pc=0x0000016cc33237dc method=java.util.ImmutableCollections$SetN.probe(Ljava/lang/Object;)I @ 34 c2
Event: 0.171 Thread 0x0000016cb3447000 Uncommon trap: reason=unstable_if action=reinterpret pc=0x0000016cc3315920 method=java.lang.String.isLatin1()Z @ 10 c2
Event: 0.172 Thread 0x0000016cb3447000 Uncommon trap: reason=unstable_if action=reinterpret pc=0x0000016cc3326234 method=java.lang.String.substring(II)Ljava/lang/String; @ 22 c2
Event: 0.384 Thread 0x0000016cb3447000 Uncommon trap: reason=class_check action=maybe_recompile pc=0x0000016cc332eba4 method=java.util.HashMap.putVal(ILjava/lang/Object;Ljava/lang/Object;ZZ)Ljava/lang/Object; @ 152 c2
Event: 0.384 Thread 0x0000016cb3447000 Uncommon trap: reason=class_check action=maybe_recompile pc=0x0000016cc332eba4 method=java.util.HashMap.putVal(ILjava/lang/Object;Ljava/lang/Object;ZZ)Ljava/lang/Object; @ 152 c2
Event: 0.384 Thread 0x0000016cb3447000 Uncommon trap: reason=class_check action=maybe_recompile pc=0x0000016cc332eba4 method=java.util.HashMap.putVal(ILjava/lang/Object;Ljava/lang/Object;ZZ)Ljava/lang/Object; @ 152 c2
Event: 0.384 Thread 0x0000016cb3447000 Uncommon trap: reason=class_check action=maybe_recompile pc=0x0000016cc332eba4 method=java.util.HashMap.putVal(ILjava/lang/Object;Ljava/lang/Object;ZZ)Ljava/lang/Object; @ 152 c2

Classes redefined (0 events):
No events

Internal exceptions (10 events):
Event: 0.083 Thread 0x0000016cb3447000 Exception <a 'sun/nio/fs/WindowsException'{0x0000000089818840}> (0x0000000089818840) thrown at [t:/workspace/open/src/hotspot/share/prims/jni.cpp, line 615]
Event: 0.092 Thread 0x0000016cb3447000 Exception <a 'java/lang/NoSuchMethodError'{0x0000000089838918}: java.lang.invoke.DirectMethodHandle$Holder.invokeSpecialIFC(Ljava/lang/Object;Ljava/lang/Object;I)I> (0x0000000089838918) thrown at [t:/workspace/open/src/hotspot/share/interpreter/linkResolv
Event: 0.219 Thread 0x0000016cb3447000 Exception <a 'java/lang/NoSuchMethodError'{0x0000000089190638}: java.lang.invoke.DirectMethodHandle$Holder.invokeStatic(Ljava/lang/Object;Ljava/lang/Object;Ljava/lang/Object;Ljava/lang/Object;Ljava/lang/Object;Ljava/lang/Object;Ljava/lang/Object;J)Ljava/l
Event: 0.223 Thread 0x0000016cb3447000 Exception <a 'java/lang/NoSuchMethodError'{0x00000000891a94f8}: java.lang.invoke.DirectMethodHandle$Holder.invokeStatic(Ljava/lang/Object;Ljava/lang/Object;Ljava/lang/Object;Ljava/lang/Object;Ljava/lang/Object;Ljava/lang/Object;Ljava/lang/Object;JLjava/la
Event: 0.374 Thread 0x0000016cb3447000 Exception <a 'java/lang/NoSuchMethodError'{0x0000000088fd2368}: java.lang.invoke.DirectMethodHandle$Holder.invokeStaticInit(Ljava/lang/Object;Ljava/lang/Object;Ljava/lang/Object;)I> (0x0000000088fd2368) thrown at [t:/workspace/open/src/hotspot/share/inter
Event: 0.376 Thread 0x0000016cb3447000 Exception <a 'java/lang/NoSuchMethodError'{0x0000000088e93660}: java.lang.invoke.DirectMethodHandle$Holder.invokeSpecial(Ljava/lang/Object;Ljava/lang/Object;)V> (0x0000000088e93660) thrown at [t:/workspace/open/src/hotspot/share/interpreter/linkResolver.c
Event: 0.390 Thread 0x0000016cb3447000 Exception <a 'java/lang/NoSuchMethodError'{0x0000000088d3bf90}: java.lang.invoke.DirectMethodHandle$Holder.invokeStatic(Ljava/lang/Object;Ljava/lang/Object;ILjava/lang/Object;)Ljava/lang/Object;> (0x0000000088d3bf90) thrown at [t:/workspace/open/src/hotsp
Event: 0.392 Thread 0x0000016cb3447000 Exception <a 'java/lang/NoSuchMethodError'{0x0000000088d42250}: java.lang.invoke.Invokers$Holder.linkToTargetMethod(Ljava/lang/Object;ILjava/lang/Object;Ljava/lang/Object;)Ljava/lang/Object;> (0x0000000088d42250) thrown at [t:/workspace/open/src/hotspot/s
Event: 0.463 Thread 0x0000016cd33f5000 Exception <a 'java/lang/NoSuchMethodError'{0x0000000089880dc8}: java.lang.invoke.DirectMethodHandle$Holder.invokeStaticInit(Ljava/lang/Object;)V> (0x0000000089880dc8) thrown at [t:/workspace/open/src/hotspot/share/interpreter/linkResolver.cpp, line 777]
Event: 0.465 Thread 0x0000016cb3447000 Exception <a 'java/lang/NoSuchMethodError'{0x0000000089787880}: java.lang.invoke.Invokers$Holder.linkToTargetMethod(Ljava/lang/Object;Ljava/lang/Object;Ljava/lang/Object;Ljava/lang/Object;Ljava/lang/Object;Ljava/lang/Object;)Ljava/lang/Object;> (0x0000000

Events (10 events):
Event: 0.482 Executing VM operation: RevokeBias done
Event: 0.482 Executing VM operation: RevokeBias
Event: 0.482 Executing VM operation: RevokeBias done
Event: 0.482 Executing VM operation: RevokeBias
Event: 0.482 Executing VM operation: RevokeBias done
Event: 0.482 Executing VM operation: BulkRevokeBias
Event: 0.482 Executing VM operation: BulkRevokeBias done
Event: 0.482 loading class Game/Sprite
Event: 0.482 loading class Game/Sprite done
Event: 0.483 Executing VM operation: CollectForMetadataAllocation


Dynamic libraries:
0x00007ff69c470000 - 0x00007ff69c47f000 	D:\Java\bin\javaw.exe
0x00007ff83ea40000 - 0x00007ff83ec30000 	C:\WINDOWS\SYSTEM32\ntdll.dll
0x00007ff83e820000 - 0x00007ff83e8d2000 	C:\WINDOWS\System32\KERNEL32.DLL
0x00007ff83c760000 - 0x00007ff83ca03000 	C:\WINDOWS\System32\KERNELBASE.dll
0x00007ff83c630000 - 0x00007ff83c72a000 	C:\WINDOWS\System32\ucrtbase.dll
0x00007ff8347a0000 - 0x00007ff8347b8000 	D:\Java\bin\jli.dll
0x00007ff83dc00000 - 0x00007ff83dca3000 	C:\WINDOWS\System32\ADVAPI32.dll
0x00007ff83de60000 - 0x00007ff83defe000 	C:\WINDOWS\System32\msvcrt.dll
0x00007ff83db60000 - 0x00007ff83dbf7000 	C:\WINDOWS\System32\sechost.dll
0x00007ff83d680000 - 0x00007ff83d7a0000 	C:\WINDOWS\System32\RPCRT4.dll
0x00007ff83d330000 - 0x00007ff83d4c4000 	C:\WINDOWS\System32\USER32.dll
0x00007ff83c600000 - 0x00007ff83c621000 	C:\WINDOWS\System32\win32u.dll
0x00007ff83d5b0000 - 0x00007ff83d5d6000 	C:\WINDOWS\System32\GDI32.dll
0x00007ff83b9d0000 - 0x00007ff83bb64000 	C:\WINDOWS\System32\gdi32full.dll
0x00007ff83bb70000 - 0x00007ff83bc0e000 	C:\WINDOWS\System32\msvcp_win.dll
0x00007ff834560000 - 0x00007ff834576000 	D:\Java\bin\VCRUNTIME140.dll
0x00007ff82bf10000 - 0x00007ff82c195000 	C:\WINDOWS\WinSxS\amd64_microsoft.windows.common-controls_6595b64144ccf1df_6.0.18362.535_none_e6c3b34713100821\COMCTL32.dll
0x00007ff83d7a0000 - 0x00007ff83dad6000 	C:\WINDOWS\System32\combase.dll
0x00007ff83ca10000 - 0x00007ff83ca90000 	C:\WINDOWS\System32\bcryptPrimitives.dll
0x00007ff835b00000 - 0x00007ff835b0a000 	C:\WINDOWS\SYSTEM32\VERSION.dll
0x00007ff83d650000 - 0x00007ff83d67e000 	C:\WINDOWS\System32\IMM32.DLL
0x00007ffffc980000 - 0x00007ffffca2a000 	D:\Java\bin\msvcp140.dll
0x00007fffe5770000 - 0x00007fffe62e7000 	D:\Java\bin\server\jvm.dll
0x00007ff83dae0000 - 0x00007ff83dae8000 	C:\WINDOWS\System32\PSAPI.DLL
0x00007ff834480000 - 0x00007ff834489000 	C:\WINDOWS\SYSTEM32\WSOCK32.dll
0x00007ff835110000 - 0x00007ff835134000 	C:\WINDOWS\SYSTEM32\WINMM.dll
0x00007ff83d5e0000 - 0x00007ff83d64f000 	C:\WINDOWS\System32\WS2_32.dll
0x00007ff8350e0000 - 0x00007ff83510d000 	C:\WINDOWS\SYSTEM32\winmmbase.dll
0x00007ff83bc30000 - 0x00007ff83bc7a000 	C:\WINDOWS\System32\cfgmgr32.dll
0x00007ff83b920000 - 0x00007ff83b931000 	C:\WINDOWS\System32\kernel.appcore.dll
0x00007ff833a20000 - 0x00007ff833a31000 	D:\Java\bin\verify.dll
0x00007ff83a310000 - 0x00007ff83a504000 	C:\WINDOWS\SYSTEM32\DBGHELP.DLL
0x00007ff8288a0000 - 0x00007ff8288ca000 	C:\WINDOWS\SYSTEM32\dbgcore.DLL
0x00007ff8336b0000 - 0x00007ff8336d6000 	D:\Java\bin\java.dll
0x00007ff833690000 - 0x00007ff8336a7000 	D:\Java\bin\zip.dll
0x00007ff833ab0000 - 0x00007ff833aba000 	D:\Java\bin\jimage.dll
0x00007ff83caf0000 - 0x00007ff83d1d5000 	C:\WINDOWS\System32\SHELL32.dll
0x00007ff83d1e0000 - 0x00007ff83d289000 	C:\WINDOWS\System32\shcore.dll
0x00007ff83be80000 - 0x00007ff83c5ff000 	C:\WINDOWS\System32\windows.storage.dll
0x00007ff83b9b0000 - 0x00007ff83b9cf000 	C:\WINDOWS\System32\profapi.dll
0x00007ff83b940000 - 0x00007ff83b98a000 	C:\WINDOWS\System32\powrprof.dll
0x00007ff83b910000 - 0x00007ff83b920000 	C:\WINDOWS\System32\UMPDC.dll
0x00007ff83d550000 - 0x00007ff83d5a2000 	C:\WINDOWS\System32\shlwapi.dll
0x00007ff83bc10000 - 0x00007ff83bc27000 	C:\WINDOWS\System32\cryptsp.dll
0x00007ff833670000 - 0x00007ff833689000 	D:\Java\bin\net.dll
0x00007ff82d5d0000 - 0x00007ff82d6c0000 	C:\WINDOWS\SYSTEM32\WINHTTP.dll
0x00007ff832580000 - 0x00007ff832756000 	C:\WINDOWS\SYSTEM32\urlmon.dll
0x00007ff832ee0000 - 0x00007ff833186000 	C:\WINDOWS\SYSTEM32\iertutil.dll
0x00007ff83b350000 - 0x00007ff83b35c000 	C:\WINDOWS\SYSTEM32\CRYPTBASE.DLL
0x00007ff83b180000 - 0x00007ff83b1e7000 	C:\WINDOWS\system32\mswsock.dll
0x00007ff833650000 - 0x00007ff833663000 	D:\Java\bin\nio.dll
0x0000016cb33c0000 - 0x0000016cb33c3000 	D:\javaFX\javafx-sdk-13.0.1\bin\api-ms-win-core-console-l1-1-0.dll
0x0000016cb33d0000 - 0x0000016cb33d3000 	D:\javaFX\javafx-sdk-13.0.1\bin\api-ms-win-core-datetime-l1-1-0.dll
0x0000016cb33e0000 - 0x0000016cb33e3000 	D:\javaFX\javafx-sdk-13.0.1\bin\api-ms-win-core-debug-l1-1-0.dll
0x0000016cb33f0000 - 0x0000016cb33f3000 	D:\javaFX\javafx-sdk-13.0.1\bin\api-ms-win-core-errorhandling-l1-1-0.dll
0x0000016cb3400000 - 0x0000016cb3404000 	D:\javaFX\javafx-sdk-13.0.1\bin\api-ms-win-core-file-l1-1-0.dll
0x0000016cb3410000 - 0x0000016cb3413000 	D:\javaFX\javafx-sdk-13.0.1\bin\api-ms-win-core-file-l1-2-0.dll
0x0000016cd3dc0000 - 0x0000016cd3dc3000 	D:\javaFX\javafx-sdk-13.0.1\bin\api-ms-win-core-file-l2-1-0.dll
0x0000016cd3dd0000 - 0x0000016cd3dd3000 	D:\javaFX\javafx-sdk-13.0.1\bin\api-ms-win-core-handle-l1-1-0.dll
0x0000016cd3de0000 - 0x0000016cd3de3000 	D:\javaFX\javafx-sdk-13.0.1\bin\api-ms-win-core-heap-l1-1-0.dll
0x0000016cd3df0000 - 0x0000016cd3df3000 	D:\javaFX\javafx-sdk-13.0.1\bin\api-ms-win-core-interlocked-l1-1-0.dll
0x0000016cd3e00000 - 0x0000016cd3e03000 	D:\javaFX\javafx-sdk-13.0.1\bin\api-ms-win-core-libraryloader-l1-1-0.dll
0x0000016cd3e10000 - 0x0000016cd3e13000 	D:\javaFX\javafx-sdk-13.0.1\bin\api-ms-win-core-localization-l1-2-0.dll
0x0000016cd3e20000 - 0x0000016cd3e23000 	D:\javaFX\javafx-sdk-13.0.1\bin\api-ms-win-core-memory-l1-1-0.dll
0x0000016cd3e30000 - 0x0000016cd3e33000 	D:\javaFX\javafx-sdk-13.0.1\bin\api-ms-win-core-namedpipe-l1-1-0.dll
0x0000016cd3e40000 - 0x0000016cd3e43000 	D:\javaFX\javafx-sdk-13.0.1\bin\api-ms-win-core-processenvironment-l1-1-0.dll
0x0000016cd3e50000 - 0x0000016cd3e53000 	D:\javaFX\javafx-sdk-13.0.1\bin\api-ms-win-core-processthreads-l1-1-0.dll
0x0000016cd3e60000 - 0x0000016cd3e63000 	D:\javaFX\javafx-sdk-13.0.1\bin\api-ms-win-core-processthreads-l1-1-1.dll
0x0000016cd3e70000 - 0x0000016cd3e73000 	D:\javaFX\javafx-sdk-13.0.1\bin\api-ms-win-core-profile-l1-1-0.dll
0x0000016cd3e80000 - 0x0000016cd3e83000 	D:\javaFX\javafx-sdk-13.0.1\bin\api-ms-win-core-rtlsupport-l1-1-0.dll
0x0000016cd3e90000 - 0x0000016cd3e93000 	D:\javaFX\javafx-sdk-13.0.1\bin\api-ms-win-core-string-l1-1-0.dll
0x0000016cd3ea0000 - 0x0000016cd3ea3000 	D:\javaFX\javafx-sdk-13.0.1\bin\api-ms-win-core-synch-l1-1-0.dll
0x0000016cd3eb0000 - 0x0000016cd3eb3000 	D:\javaFX\javafx-sdk-13.0.1\bin\api-ms-win-core-synch-l1-2-0.dll
0x0000016cd4260000 - 0x0000016cd4263000 	D:\javaFX\javafx-sdk-13.0.1\bin\api-ms-win-core-sysinfo-l1-1-0.dll
0x0000016cd4270000 - 0x0000016cd4273000 	D:\javaFX\javafx-sdk-13.0.1\bin\api-ms-win-core-timezone-l1-1-0.dll
0x0000016cd4280000 - 0x0000016cd4283000 	D:\javaFX\javafx-sdk-13.0.1\bin\api-ms-win-core-util-l1-1-0.dll
0x0000016cd4290000 - 0x0000016cd4293000 	D:\javaFX\javafx-sdk-13.0.1\bin\api-ms-win-crt-conio-l1-1-0.dll
0x0000016cd42a0000 - 0x0000016cd42a4000 	D:\javaFX\javafx-sdk-13.0.1\bin\api-ms-win-crt-convert-l1-1-0.dll
0x0000016cd42b0000 - 0x0000016cd42b3000 	D:\javaFX\javafx-sdk-13.0.1\bin\api-ms-win-crt-environment-l1-1-0.dll
0x0000016cd42c0000 - 0x0000016cd42c3000 	D:\javaFX\javafx-sdk-13.0.1\bin\api-ms-win-crt-filesystem-l1-1-0.dll
0x0000016cd42d0000 - 0x0000016cd42d3000 	D:\javaFX\javafx-sdk-13.0.1\bin\api-ms-win-crt-heap-l1-1-0.dll
0x0000016cd42e0000 - 0x0000016cd42e3000 	D:\javaFX\javafx-sdk-13.0.1\bin\api-ms-win-crt-locale-l1-1-0.dll
0x0000016cd3ec0000 - 0x0000016cd3ec5000 	D:\javaFX\javafx-sdk-13.0.1\bin\api-ms-win-crt-math-l1-1-0.dll
0x0000016cd3ed0000 - 0x0000016cd3ed5000 	D:\javaFX\javafx-sdk-13.0.1\bin\api-ms-win-crt-multibyte-l1-1-0.dll
0x0000016cd3ee0000 - 0x0000016cd3ef0000 	D:\javaFX\javafx-sdk-13.0.1\bin\api-ms-win-crt-private-l1-1-0.dll
0x0000016cd3ef0000 - 0x0000016cd3ef3000 	D:\javaFX\javafx-sdk-13.0.1\bin\api-ms-win-crt-process-l1-1-0.dll
0x0000016cd3f00000 - 0x0000016cd3f04000 	D:\javaFX\javafx-sdk-13.0.1\bin\api-ms-win-crt-runtime-l1-1-0.dll
0x0000016cd3f10000 - 0x0000016cd3f14000 	D:\javaFX\javafx-sdk-13.0.1\bin\api-ms-win-crt-stdio-l1-1-0.dll
0x0000016cd3f20000 - 0x0000016cd3f24000 	D:\javaFX\javafx-sdk-13.0.1\bin\api-ms-win-crt-string-l1-1-0.dll
0x0000016cd3f30000 - 0x0000016cd3f33000 	D:\javaFX\javafx-sdk-13.0.1\bin\api-ms-win-crt-time-l1-1-0.dll
0x0000016cd3f40000 - 0x0000016cd3f43000 	D:\javaFX\javafx-sdk-13.0.1\bin\api-ms-win-crt-utility-l1-1-0.dll
0x00007ffffc880000 - 0x00007ffffc97c000 	D:\javaFX\javafx-sdk-13.0.1\bin\ucrtbase.dll
0x00007ff8340b0000 - 0x00007ff8340c5000 	D:\javaFX\javafx-sdk-13.0.1\bin\vcruntime140.dll
0x00007ffffb5e0000 - 0x00007ffffb67b000 	D:\javaFX\javafx-sdk-13.0.1\bin\msvcp140.dll
0x00007ff81a110000 - 0x00007ff81a161000 	D:\javaFX\javafx-sdk-13.0.1\bin\concrt140.dll
0x00007ff833a50000 - 0x00007ff833a73000 	D:\javaFX\javafx-sdk-13.0.1\bin\prism_d3d.dll
0x00007ff833d30000 - 0x00007ff833ef7000 	C:\WINDOWS\system32\d3d9.dll
0x00007ff839d70000 - 0x00007ff839d9d000 	C:\WINDOWS\SYSTEM32\dwmapi.dll
0x00007ff83a570000 - 0x00007ff83a590000 	C:\WINDOWS\SYSTEM32\dxcore.dll
0x00007ff839950000 - 0x00007ff8399e9000 	C:\WINDOWS\system32\uxtheme.dll
0x00007fffd8b90000 - 0x00007fffdbd58000 	C:\WINDOWS\System32\DriverStore\FileRepository\igdlh64.inf_amd64_c552e4480cba79db\igdumdim64.dll
0x00007ff83e270000 - 0x00007ff83e6e0000 	C:\WINDOWS\System32\SETUPAPI.dll
0x00007ff83c730000 - 0x00007ff83c756000 	C:\WINDOWS\System32\bcrypt.dll
0x00007ff83dfe0000 - 0x00007ff83e136000 	C:\WINDOWS\System32\ole32.dll
0x00007ff83e140000 - 0x00007ff83e204000 	C:\WINDOWS\System32\OLEAUT32.dll
0x00007ff8159c0000 - 0x00007ff815a05000 	D:\javaFX\javafx-sdk-13.0.1\bin\glass.dll
0x00007ff83df10000 - 0x00007ff83dfe0000 	C:\WINDOWS\System32\COMDLG32.dll
0x00007ff83e6e0000 - 0x00007ff83e815000 	C:\WINDOWS\System32\MSCTF.dll
0x00007ff82d6e0000 - 0x00007ff82ed10000 	C:\WINDOWS\System32\DriverStore\FileRepository\igdlh64.inf_amd64_c552e4480cba79db\igc64.dll

dbghelp: loaded successfully - version: 4.0.5 - missing functions: none
symbol engine: initialized successfully - sym options: 0x614 - pdb path: .;D:\Java\bin;C:\WINDOWS\SYSTEM32;C:\WINDOWS\WinSxS\amd64_microsoft.windows.common-controls_6595b64144ccf1df_6.0.18362.535_none_e6c3b34713100821;D:\Java\bin\server;D:\javaFX\javafx-sdk-13.0.1\bin;C:\WINDOWS\System32\DriverStore\FileRepository\igdlh64.inf_amd64_c552e4480cba79db;C:\WINDOWS\System32\DriverStore\FileRepository\nvlti.inf_amd64_cc47501cae9e84a1

VM Arguments:
jvm_args: --module-path=D:\javaFX\javafx-sdk-13.0.1\lib --add-modules=javafx.controls,javafx.fxml -Dfile.encoding=Cp1252 
java_command: Game.Main
java_class_path (initial): D:\Git\POO_Game\DukesOfRealms\bin;D:\javaFX\javafx-sdk-13.0.1\lib\javafx.base.jar;D:\javaFX\javafx-sdk-13.0.1\lib\javafx.controls.jar;D:\javaFX\javafx-sdk-13.0.1\lib\javafx.fxml.jar;D:\javaFX\javafx-sdk-13.0.1\lib\javafx.graphics.jar;D:\javaFX\javafx-sdk-13.0.1\lib\javafx.media.jar;D:\javaFX\javafx-sdk-13.0.1\lib\javafx.swing.jar;D:\javaFX\javafx-sdk-13.0.1\lib\javafx.web.jar;D:\javaFX\javafx-sdk-13.0.1\lib\javafx-swt.jar
Launcher Type: SUN_STANDARD

[Global flags]
     intx CICompilerCount                          = 3                                         {product} {ergonomic}
     uint ConcGCThreads                            = 1                                         {product} {ergonomic}
     uint G1ConcRefinementThreads                  = 4                                         {product} {ergonomic}
   size_t G1HeapRegionSize                         = 1048576                                   {product} {ergonomic}
    uintx GCDrainStackTargetSize                   = 64                                        {product} {ergonomic}
   size_t InitialHeapSize                          = 134217728                                 {product} {ergonomic}
   size_t MarkStackSize                            = 4194304                                   {product} {ergonomic}
   size_t MaxHeapSize                              = 2120220672                                {product} {ergonomic}
   size_t MaxNewSize                               = 1271922688                                {product} {ergonomic}
   size_t MinHeapDeltaBytes                        = 1048576                                   {product} {ergonomic}
    uintx NonNMethodCodeHeapSize                   = 5830732                                {pd product} {ergonomic}
    uintx NonProfiledCodeHeapSize                  = 122913754                              {pd product} {ergonomic}
    uintx ProfiledCodeHeapSize                     = 122913754                              {pd product} {ergonomic}
    uintx ReservedCodeCacheSize                    = 251658240                              {pd product} {ergonomic}
     bool SegmentedCodeCache                       = true                                      {product} {ergonomic}
     bool UseCompressedClassPointers               = true                                 {lp64_product} {ergonomic}
     bool UseCompressedOops                        = true                                 {lp64_product} {ergonomic}
     bool UseG1GC                                  = true                                      {product} {ergonomic}
     bool UseLargePagesIndividualAllocation        = false                                  {pd product} {ergonomic}

Logging:
Log output configuration:
 #0: stdout all=warning uptime,level,tags
 #1: stderr all=off uptime,level,tags

Environment Variables:
PATH=D:/Java/bin/server;D:/Java/bin;D:\Qt\5.9.8\mingw53_32\bin;D:\app\client\Nicolas\product\18.0.0\client_1;D:\app\client\Nicolas\product\18.0.0\client_1\bin;C:\Program Files (x86)\Common Files\Oracle\Java\javapath;C:\Program Files (x86)\Intel\iCLS Client\;C:\Program Files\Intel\iCLS Client\;C:\Windows\system32;C:\Windows;C:\Windows\System32\Wbem;C:\Windows\System32\WindowsPowerShell\v1.0\;C:\Program Files (x86)\Intel\Intel(R) Management Engine Components\DAL;C:\Program Files\Intel\Intel(R) Management Engine Components\DAL;C:\Program Files (x86)\Intel\Intel(R) Management Engine Components\IPT;C:\Program Files\Intel\Intel(R) Management Engine Components\IPT;C:\Program Files (x86)\NVIDIA Corporation\PhysX\Common;C:\WINDOWS\system32;C:\WINDOWS;C:\WINDOWS\System32\Wbem;C:\WINDOWS\System32\WindowsPowerShell\v1.0\;C:\WINDOWS\System32\OpenSSH\;D:\MinGW\bin;C:\Program Files\NVIDIA Corporation\NVIDIA NvDLISR;C:\Program Files\dotnet\;C:\Program Files\Microsoft SQL Server\130\Tools\Binn\;C:\Program Files\Microsoft SQL Server\Client SDK\ODBC\130\Tools\Binn\;C:\Program Files (x86)\Microsoft SQL Server\140\Tools\Binn\;C:\Program Files\Microsoft SQL Server\140\Tools\Binn\;C:\Program Files\Microsoft SQL Server\140\DTS\Binn\;C:\WINDOWS\system32;C:\WINDOWS;C:\WINDOWS\System32\Wbem;C:\WINDOWS\System32\WindowsPowerShell\v1.0\;C:\WINDOWS\System32\OpenSSH\;C:\TDM-GCC-64\bin;C:\TDM-GCC-64\bin;D:\Qt\Tools\mingw530_32\bin;D:\opencv-build\openbuild\install\x86\mingw\bin;D:\opencv-build\openbuild\install\include;C:\Program Files\Microsoft SQL Server\Client SDK\ODBC\170\Tools\Binn\;C:\Users\Nicolas\AppData\Local\Microsoft\WindowsApps;C:\Users\Nicolas\AppData\Local\atom\bin;C:\Users\Nicolas\AppData\Local\GitHubDesktop\bin;D:\Program Files\DrMemory\bin\;%USERPROFILE%\AppData\Local\Microsoft\WindowsApps;;C:\WINDOWS\System32;
USERNAME=Nicolas
OS=Windows_NT
PROCESSOR_IDENTIFIER=Intel64 Family 6 Model 158 Stepping 9, GenuineIntel



---------------  S Y S T E M  ---------------

OS: Windows 10 , 64 bit Build 18362 (10.0.18362.329)

CPU:total 4 (initial active 4) (4 cores per cpu, 1 threads per core) family 6 model 158 stepping 9, cmov, cx8, fxsr, mmx, sse, sse2, sse3, ssse3, sse4.1, sse4.2, popcnt, avx, avx2, aes, clmul, erms, 3dnowpref, lzcnt, tsc, tscinvbit, bmi1, bmi2, adx, fma

Memory: 4k page, system-wide physical 8084M (1354M free)
TotalPageFile size 23187M (AvailPageFile size 4M)
current process WorkingSet (physical memory assigned to process): 90M, peak: 90M
current process commit charge ("private bytes"): 243M, peak: 244M

vm_info: Java HotSpot(TM) 64-Bit Server VM (12.0.2+10) for windows-amd64 JRE (12.0.2+10), built on Jul 16 2019 01:56:17 by "mach5one" with MS VC++ 15.5 (VS2017)

END.
